{"/Users/maciejpyrc/Praca/better-typed/open-source/react-zoom-pan-pinch/src/react-app-env.d.ts": {"path":"/Users/maciejpyrc/Praca/better-typed/open-source/react-zoom-pan-pinch/src/react-app-env.d.ts","all":true,"statementMap":{"0":{"start":{"line":1,"column":0},"end":{"line":1,"column":39}}},"s":{"0":0},"branchMap":{"0":{"type":"branch","line":1,"loc":{"start":{"line":1,"column":0},"end":{"line":1,"column":39}},"locations":[{"start":{"line":1,"column":0},"end":{"line":1,"column":39}}]}},"b":{"0":[0]},"fnMap":{"0":{"name":"(empty-report)","decl":{"start":{"line":1,"column":0},"end":{"line":1,"column":39}},"loc":{"start":{"line":1,"column":0},"end":{"line":1,"column":39}},"line":1}},"f":{"0":0}}
,"/Users/maciejpyrc/Praca/better-typed/open-source/react-zoom-pan-pinch/src/typings.d.ts": {"path":"/Users/maciejpyrc/Praca/better-typed/open-source/react-zoom-pan-pinch/src/typings.d.ts","all":true,"statementMap":{"0":{"start":{"line":1,"column":0},"end":{"line":1,"column":3}},"1":{"start":{"line":2,"column":0},"end":{"line":2,"column":41}},"2":{"start":{"line":3,"column":0},"end":{"line":3,"column":62}},"3":{"start":{"line":4,"column":0},"end":{"line":4,"column":3}},"4":{"start":{"line":5,"column":0},"end":{"line":5,"column":24}},"5":{"start":{"line":6,"column":0},"end":{"line":6,"column":49}},"6":{"start":{"line":7,"column":0},"end":{"line":7,"column":25}},"7":{"start":{"line":8,"column":0},"end":{"line":8,"column":1}},"8":{"start":{"line":9,"column":0},"end":{"line":9,"column":0}},"9":{"start":{"line":10,"column":0},"end":{"line":10,"column":78}}},"s":{"0":0,"1":0,"2":0,"3":0,"4":0,"5":0,"6":0,"7":0,"8":0,"9":0},"branchMap":{"0":{"type":"branch","line":1,"loc":{"start":{"line":1,"column":0},"end":{"line":10,"column":78}},"locations":[{"start":{"line":1,"column":0},"end":{"line":10,"column":78}}]}},"b":{"0":[0]},"fnMap":{"0":{"name":"(empty-report)","decl":{"start":{"line":1,"column":0},"end":{"line":10,"column":78}},"loc":{"start":{"line":1,"column":0},"end":{"line":10,"column":78}},"line":1}},"f":{"0":0}}
,"/Users/maciejpyrc/Praca/better-typed/open-source/react-zoom-pan-pinch/src/components/keep-scale/keep-scale.tsx": {"path":"/Users/maciejpyrc/Praca/better-typed/open-source/react-zoom-pan-pinch/src/components/keep-scale/keep-scale.tsx","all":false,"statementMap":{"0":{"start":{"line":1,"column":0},"end":{"line":1,"column":61}},"1":{"start":{"line":2,"column":0},"end":{"line":2,"column":0}},"2":{"start":{"line":3,"column":0},"end":{"line":3,"column":44}},"3":{"start":{"line":4,"column":0},"end":{"line":4,"column":65}},"4":{"start":{"line":5,"column":0},"end":{"line":5,"column":0}},"5":{"start":{"line":6,"column":0},"end":{"line":6,"column":42}},"6":{"start":{"line":7,"column":0},"end":{"line":7,"column":17}},"7":{"start":{"line":8,"column":0},"end":{"line":8,"column":38}},"8":{"start":{"line":9,"column":0},"end":{"line":9,"column":19}},"9":{"start":{"line":10,"column":0},"end":{"line":10,"column":48}},"10":{"start":{"line":11,"column":0},"end":{"line":11,"column":39}},"11":{"start":{"line":12,"column":0},"end":{"line":12,"column":0}},"12":{"start":{"line":13,"column":0},"end":{"line":13,"column":19}},"13":{"start":{"line":14,"column":0},"end":{"line":14,"column":39}},"14":{"start":{"line":15,"column":0},"end":{"line":15,"column":29}},"15":{"start":{"line":16,"column":0},"end":{"line":16,"column":28}},"16":{"start":{"line":17,"column":0},"end":{"line":17,"column":28}},"17":{"start":{"line":18,"column":0},"end":{"line":18,"column":74}},"18":{"start":{"line":19,"column":0},"end":{"line":19,"column":20}},"19":{"start":{"line":20,"column":0},"end":{"line":20,"column":20}},"20":{"start":{"line":21,"column":0},"end":{"line":21,"column":48}},"21":{"start":{"line":22,"column":0},"end":{"line":22,"column":10}},"22":{"start":{"line":23,"column":0},"end":{"line":23,"column":7}},"23":{"start":{"line":24,"column":0},"end":{"line":24,"column":7}},"24":{"start":{"line":25,"column":0},"end":{"line":25,"column":17}},"25":{"start":{"line":26,"column":0},"end":{"line":26,"column":0}},"26":{"start":{"line":27,"column":0},"end":{"line":27,"column":61}},"27":{"start":{"line":28,"column":0},"end":{"line":28,"column":3}}},"s":{"0":1,"1":1,"2":1,"3":1,"4":1,"5":1,"6":1,"7":1,"8":1,"9":0,"10":0,"11":0,"12":0,"13":0,"14":0,"15":0,"16":0,"17":0,"18":0,"19":0,"20":0,"21":0,"22":0,"23":0,"24":0,"25":0,"26":0,"27":1},"branchMap":{},"b":{},"fnMap":{},"f":{}}
,"/Users/maciejpyrc/Praca/better-typed/open-source/react-zoom-pan-pinch/src/components/mini-map/mini-map.tsx": {"path":"/Users/maciejpyrc/Praca/better-typed/open-source/react-zoom-pan-pinch/src/components/mini-map/mini-map.tsx","all":false,"statementMap":{"0":{"start":{"line":1,"column":0},"end":{"line":1,"column":48}},"1":{"start":{"line":2,"column":0},"end":{"line":2,"column":48}},"2":{"start":{"line":3,"column":0},"end":{"line":3,"column":0}},"3":{"start":{"line":4,"column":0},"end":{"line":4,"column":8}},"4":{"start":{"line":5,"column":0},"end":{"line":5,"column":22}},"5":{"start":{"line":6,"column":0},"end":{"line":6,"column":21}},"6":{"start":{"line":7,"column":0},"end":{"line":7,"column":19}},"7":{"start":{"line":8,"column":0},"end":{"line":8,"column":15}},"8":{"start":{"line":9,"column":0},"end":{"line":9,"column":0}},"9":{"start":{"line":10,"column":0},"end":{"line":10,"column":28}},"10":{"start":{"line":11,"column":0},"end":{"line":11,"column":17}},"11":{"start":{"line":12,"column":0},"end":{"line":12,"column":18}},"12":{"start":{"line":13,"column":0},"end":{"line":13,"column":28}},"13":{"start":{"line":14,"column":0},"end":{"line":14,"column":28}},"14":{"start":{"line":15,"column":0},"end":{"line":15,"column":39}},"15":{"start":{"line":16,"column":0},"end":{"line":16,"column":16}},"16":{"start":{"line":17,"column":0},"end":{"line":17,"column":2}},"17":{"start":{"line":18,"column":0},"end":{"line":18,"column":0}},"18":{"start":{"line":19,"column":0},"end":{"line":19,"column":49}},"19":{"start":{"line":20,"column":0},"end":{"line":20,"column":14}},"20":{"start":{"line":21,"column":0},"end":{"line":21,"column":15}},"21":{"start":{"line":22,"column":0},"end":{"line":22,"column":11}},"22":{"start":{"line":23,"column":0},"end":{"line":23,"column":9}},"23":{"start":{"line":24,"column":0},"end":{"line":24,"column":7}},"24":{"start":{"line":25,"column":0},"end":{"line":25,"column":60}},"25":{"start":{"line":26,"column":0},"end":{"line":26,"column":41}},"26":{"start":{"line":27,"column":0},"end":{"line":27,"column":0}},"27":{"start":{"line":28,"column":0},"end":{"line":28,"column":57}},"28":{"start":{"line":29,"column":0},"end":{"line":29,"column":57}},"29":{"start":{"line":30,"column":0},"end":{"line":30,"column":0}},"30":{"start":{"line":31,"column":0},"end":{"line":31,"column":32}},"31":{"start":{"line":32,"column":0},"end":{"line":32,"column":36}},"32":{"start":{"line":33,"column":0},"end":{"line":33,"column":14}},"33":{"start":{"line":34,"column":0},"end":{"line":34,"column":53}},"34":{"start":{"line":35,"column":0},"end":{"line":35,"column":55}},"35":{"start":{"line":36,"column":0},"end":{"line":36,"column":8}},"36":{"start":{"line":37,"column":0},"end":{"line":37,"column":5}},"37":{"start":{"line":38,"column":0},"end":{"line":38,"column":12}},"38":{"start":{"line":39,"column":0},"end":{"line":39,"column":15}},"39":{"start":{"line":40,"column":0},"end":{"line":40,"column":16}},"40":{"start":{"line":41,"column":0},"end":{"line":41,"column":6}},"41":{"start":{"line":42,"column":0},"end":{"line":42,"column":4}},"42":{"start":{"line":43,"column":0},"end":{"line":43,"column":0}},"43":{"start":{"line":44,"column":0},"end":{"line":44,"column":37}},"44":{"start":{"line":45,"column":0},"end":{"line":45,"column":41}},"45":{"start":{"line":46,"column":0},"end":{"line":46,"column":45}},"46":{"start":{"line":47,"column":0},"end":{"line":47,"column":47}},"47":{"start":{"line":48,"column":0},"end":{"line":48,"column":52}},"48":{"start":{"line":49,"column":0},"end":{"line":49,"column":0}},"49":{"start":{"line":50,"column":0},"end":{"line":50,"column":17}},"50":{"start":{"line":51,"column":0},"end":{"line":51,"column":4}},"51":{"start":{"line":52,"column":0},"end":{"line":52,"column":0}},"52":{"start":{"line":53,"column":0},"end":{"line":53,"column":36}},"53":{"start":{"line":54,"column":0},"end":{"line":54,"column":41}},"54":{"start":{"line":55,"column":0},"end":{"line":55,"column":45}},"55":{"start":{"line":56,"column":0},"end":{"line":56,"column":47}},"56":{"start":{"line":57,"column":0},"end":{"line":57,"column":26}},"57":{"start":{"line":58,"column":0},"end":{"line":58,"column":60}},"58":{"start":{"line":59,"column":0},"end":{"line":59,"column":5}},"59":{"start":{"line":60,"column":0},"end":{"line":60,"column":57}},"60":{"start":{"line":61,"column":0},"end":{"line":61,"column":4}},"61":{"start":{"line":62,"column":0},"end":{"line":62,"column":0}},"62":{"start":{"line":63,"column":0},"end":{"line":63,"column":37}},"63":{"start":{"line":64,"column":0},"end":{"line":64,"column":12}},"64":{"start":{"line":65,"column":0},"end":{"line":65,"column":57}},"65":{"start":{"line":66,"column":0},"end":{"line":66,"column":59}},"66":{"start":{"line":67,"column":0},"end":{"line":67,"column":6}},"67":{"start":{"line":68,"column":0},"end":{"line":68,"column":4}},"68":{"start":{"line":69,"column":0},"end":{"line":69,"column":0}},"69":{"start":{"line":70,"column":0},"end":{"line":70,"column":37}},"70":{"start":{"line":71,"column":0},"end":{"line":71,"column":40}},"71":{"start":{"line":72,"column":0},"end":{"line":72,"column":12}},"72":{"start":{"line":73,"column":0},"end":{"line":73,"column":40}},"73":{"start":{"line":74,"column":0},"end":{"line":74,"column":31}},"74":{"start":{"line":75,"column":0},"end":{"line":75,"column":27}},"75":{"start":{"line":76,"column":0},"end":{"line":76,"column":30}},"76":{"start":{"line":77,"column":0},"end":{"line":77,"column":16}},"77":{"start":{"line":78,"column":0},"end":{"line":78,"column":25}},"78":{"start":{"line":79,"column":0},"end":{"line":79,"column":15}},"79":{"start":{"line":80,"column":0},"end":{"line":80,"column":4}},"80":{"start":{"line":81,"column":0},"end":{"line":81,"column":0}},"81":{"start":{"line":82,"column":0},"end":{"line":82,"column":34}},"82":{"start":{"line":83,"column":0},"end":{"line":83,"column":40}},"83":{"start":{"line":84,"column":0},"end":{"line":84,"column":29}},"84":{"start":{"line":85,"column":0},"end":{"line":85,"column":58}},"85":{"start":{"line":86,"column":0},"end":{"line":86,"column":58}},"86":{"start":{"line":87,"column":0},"end":{"line":87,"column":60}},"87":{"start":{"line":88,"column":0},"end":{"line":88,"column":5}},"88":{"start":{"line":89,"column":0},"end":{"line":89,"column":29}},"89":{"start":{"line":90,"column":0},"end":{"line":90,"column":42}},"90":{"start":{"line":91,"column":0},"end":{"line":91,"column":71}},"91":{"start":{"line":92,"column":0},"end":{"line":92,"column":55}},"92":{"start":{"line":93,"column":0},"end":{"line":93,"column":58}},"93":{"start":{"line":94,"column":0},"end":{"line":94,"column":58}},"94":{"start":{"line":95,"column":0},"end":{"line":95,"column":10}},"95":{"start":{"line":96,"column":0},"end":{"line":96,"column":8}},"96":{"start":{"line":97,"column":0},"end":{"line":97,"column":53}},"97":{"start":{"line":98,"column":0},"end":{"line":98,"column":73}},"98":{"start":{"line":99,"column":0},"end":{"line":99,"column":75}},"99":{"start":{"line":100,"column":0},"end":{"line":100,"column":5}},"100":{"start":{"line":101,"column":0},"end":{"line":101,"column":4}},"101":{"start":{"line":102,"column":0},"end":{"line":102,"column":0}},"102":{"start":{"line":103,"column":0},"end":{"line":103,"column":28}},"103":{"start":{"line":104,"column":0},"end":{"line":104,"column":40}},"104":{"start":{"line":105,"column":0},"end":{"line":105,"column":42}},"105":{"start":{"line":106,"column":0},"end":{"line":106,"column":22}},"106":{"start":{"line":107,"column":0},"end":{"line":107,"column":41}},"107":{"start":{"line":108,"column":0},"end":{"line":108,"column":31}},"108":{"start":{"line":109,"column":0},"end":{"line":109,"column":51}},"109":{"start":{"line":110,"column":0},"end":{"line":110,"column":7}},"110":{"start":{"line":111,"column":0},"end":{"line":111,"column":7}},"111":{"start":{"line":112,"column":0},"end":{"line":112,"column":23}},"112":{"start":{"line":113,"column":0},"end":{"line":113,"column":4}},"113":{"start":{"line":114,"column":0},"end":{"line":114,"column":0}},"114":{"start":{"line":115,"column":0},"end":{"line":115,"column":28}},"115":{"start":{"line":116,"column":0},"end":{"line":116,"column":23}},"116":{"start":{"line":117,"column":0},"end":{"line":117,"column":5}},"117":{"start":{"line":118,"column":0},"end":{"line":118,"column":0}},"118":{"start":{"line":119,"column":0},"end":{"line":119,"column":26}},"119":{"start":{"line":120,"column":0},"end":{"line":120,"column":17}},"120":{"start":{"line":121,"column":0},"end":{"line":121,"column":5}},"121":{"start":{"line":122,"column":0},"end":{"line":122,"column":0}},"122":{"start":{"line":123,"column":0},"end":{"line":123,"column":10}},"123":{"start":{"line":124,"column":0},"end":{"line":124,"column":8}},"124":{"start":{"line":125,"column":0},"end":{"line":125,"column":15}},"125":{"start":{"line":126,"column":0},"end":{"line":126,"column":14}},"126":{"start":{"line":127,"column":0},"end":{"line":127,"column":16}},"127":{"start":{"line":128,"column":0},"end":{"line":128,"column":29}},"128":{"start":{"line":129,"column":0},"end":{"line":129,"column":18}},"129":{"start":{"line":130,"column":0},"end":{"line":130,"column":27}},"130":{"start":{"line":131,"column":0},"end":{"line":131,"column":8}},"131":{"start":{"line":132,"column":0},"end":{"line":132,"column":5}},"132":{"start":{"line":133,"column":0},"end":{"line":133,"column":38}},"133":{"start":{"line":134,"column":0},"end":{"line":134,"column":18}},"134":{"start":{"line":135,"column":0},"end":{"line":135,"column":12}},"135":{"start":{"line":136,"column":0},"end":{"line":136,"column":10}},"136":{"start":{"line":137,"column":0},"end":{"line":137,"column":24}},"137":{"start":{"line":138,"column":0},"end":{"line":138,"column":16}},"138":{"start":{"line":139,"column":0},"end":{"line":139,"column":31}},"139":{"start":{"line":140,"column":0},"end":{"line":140,"column":20}},"140":{"start":{"line":141,"column":0},"end":{"line":141,"column":21}},"141":{"start":{"line":142,"column":0},"end":{"line":142,"column":22}},"142":{"start":{"line":143,"column":0},"end":{"line":143,"column":34}},"143":{"start":{"line":144,"column":0},"end":{"line":144,"column":36}},"144":{"start":{"line":145,"column":0},"end":{"line":145,"column":35}},"145":{"start":{"line":146,"column":0},"end":{"line":146,"column":56}},"146":{"start":{"line":147,"column":0},"end":{"line":147,"column":10}},"147":{"start":{"line":148,"column":0},"end":{"line":148,"column":8}},"148":{"start":{"line":149,"column":0},"end":{"line":149,"column":10}},"149":{"start":{"line":150,"column":0},"end":{"line":150,"column":4}},"150":{"start":{"line":151,"column":0},"end":{"line":151,"column":2}}},"s":{"0":1,"1":1,"2":1,"3":1,"4":1,"5":1,"6":1,"7":1,"8":1,"9":1,"10":1,"11":1,"12":1,"13":1,"14":1,"15":1,"16":1,"17":1,"18":1,"19":0,"20":0,"21":0,"22":0,"23":0,"24":0,"25":0,"26":0,"27":0,"28":0,"29":0,"30":0,"31":0,"32":0,"33":0,"34":0,"35":0,"36":0,"37":0,"38":0,"39":0,"40":0,"41":0,"42":0,"43":0,"44":0,"45":0,"46":0,"47":0,"48":0,"49":0,"50":0,"51":0,"52":0,"53":0,"54":0,"55":0,"56":0,"57":0,"58":0,"59":0,"60":0,"61":0,"62":0,"63":0,"64":0,"65":0,"66":0,"67":0,"68":0,"69":0,"70":0,"71":0,"72":0,"73":0,"74":0,"75":0,"76":0,"77":0,"78":0,"79":0,"80":0,"81":0,"82":0,"83":0,"84":0,"85":0,"86":0,"87":0,"88":0,"89":0,"90":0,"91":0,"92":0,"93":0,"94":0,"95":0,"96":0,"97":0,"98":0,"99":0,"100":0,"101":0,"102":0,"103":0,"104":0,"105":0,"106":0,"107":0,"108":0,"109":0,"110":0,"111":0,"112":0,"113":0,"114":0,"115":0,"116":0,"117":0,"118":0,"119":0,"120":0,"121":0,"122":0,"123":0,"124":0,"125":0,"126":0,"127":0,"128":0,"129":0,"130":0,"131":0,"132":0,"133":0,"134":0,"135":0,"136":0,"137":0,"138":0,"139":0,"140":0,"141":0,"142":0,"143":0,"144":0,"145":0,"146":0,"147":0,"148":0,"149":0,"150":0},"branchMap":{},"b":{},"fnMap":{"0":{"name":"MiniMap","decl":{"start":{"line":19,"column":47},"end":{"line":151,"column":2}},"loc":{"start":{"line":19,"column":47},"end":{"line":151,"column":2}},"line":19}},"f":{"0":0}}
,"/Users/maciejpyrc/Praca/better-typed/open-source/react-zoom-pan-pinch/src/components/transform-component/transform-component.tsx": {"path":"/Users/maciejpyrc/Praca/better-typed/open-source/react-zoom-pan-pinch/src/components/transform-component/transform-component.tsx","all":false,"statementMap":{"0":{"start":{"line":1,"column":0},"end":{"line":1,"column":48}},"1":{"start":{"line":2,"column":0},"end":{"line":2,"column":61}},"2":{"start":{"line":3,"column":0},"end":{"line":3,"column":0}},"3":{"start":{"line":4,"column":0},"end":{"line":4,"column":65}},"4":{"start":{"line":5,"column":0},"end":{"line":5,"column":0}},"5":{"start":{"line":6,"column":0},"end":{"line":6,"column":54}},"6":{"start":{"line":7,"column":0},"end":{"line":7,"column":0}},"7":{"start":{"line":8,"column":0},"end":{"line":8,"column":14}},"8":{"start":{"line":9,"column":0},"end":{"line":9,"column":28}},"9":{"start":{"line":10,"column":0},"end":{"line":10,"column":24}},"10":{"start":{"line":11,"column":0},"end":{"line":11,"column":24}},"11":{"start":{"line":12,"column":0},"end":{"line":12,"column":37}},"12":{"start":{"line":13,"column":0},"end":{"line":13,"column":37}},"13":{"start":{"line":14,"column":0},"end":{"line":14,"column":54}},"14":{"start":{"line":15,"column":0},"end":{"line":15,"column":54}},"15":{"start":{"line":16,"column":0},"end":{"line":16,"column":2}},"16":{"start":{"line":17,"column":0},"end":{"line":17,"column":0}},"17":{"start":{"line":18,"column":0},"end":{"line":18,"column":53}},"18":{"start":{"line":19,"column":0},"end":{"line":19,"column":11}},"19":{"start":{"line":20,"column":0},"end":{"line":20,"column":20}},"20":{"start":{"line":21,"column":0},"end":{"line":21,"column":20}},"21":{"start":{"line":22,"column":0},"end":{"line":22,"column":15}},"22":{"start":{"line":23,"column":0},"end":{"line":23,"column":15}},"23":{"start":{"line":24,"column":0},"end":{"line":24,"column":20}},"24":{"start":{"line":25,"column":0},"end":{"line":25,"column":20}},"25":{"start":{"line":26,"column":0},"end":{"line":26,"column":14}},"26":{"start":{"line":27,"column":0},"end":{"line":27,"column":39}},"27":{"start":{"line":28,"column":0},"end":{"line":28,"column":0}},"28":{"start":{"line":29,"column":0},"end":{"line":29,"column":57}},"29":{"start":{"line":30,"column":0},"end":{"line":30,"column":57}},"30":{"start":{"line":31,"column":0},"end":{"line":31,"column":0}},"31":{"start":{"line":32,"column":0},"end":{"line":32,"column":19}},"32":{"start":{"line":33,"column":0},"end":{"line":33,"column":39}},"33":{"start":{"line":34,"column":0},"end":{"line":34,"column":39}},"34":{"start":{"line":35,"column":0},"end":{"line":35,"column":55}},"35":{"start":{"line":36,"column":0},"end":{"line":36,"column":29}},"36":{"start":{"line":37,"column":0},"end":{"line":37,"column":5}},"37":{"start":{"line":38,"column":0},"end":{"line":38,"column":59}},"38":{"start":{"line":39,"column":0},"end":{"line":39,"column":9}},"39":{"start":{"line":40,"column":0},"end":{"line":40,"column":0}},"40":{"start":{"line":41,"column":0},"end":{"line":41,"column":10}},"41":{"start":{"line":42,"column":0},"end":{"line":42,"column":8}},"42":{"start":{"line":43,"column":0},"end":{"line":43,"column":23}},"43":{"start":{"line":44,"column":0},"end":{"line":44,"column":22}},"44":{"start":{"line":45,"column":0},"end":{"line":45,"column":77}},"45":{"start":{"line":46,"column":0},"end":{"line":46,"column":26}},"46":{"start":{"line":47,"column":0},"end":{"line":47,"column":5}},"47":{"start":{"line":48,"column":0},"end":{"line":48,"column":10}},"48":{"start":{"line":49,"column":0},"end":{"line":49,"column":25}},"49":{"start":{"line":50,"column":0},"end":{"line":50,"column":24}},"50":{"start":{"line":51,"column":0},"end":{"line":51,"column":81}},"51":{"start":{"line":52,"column":0},"end":{"line":52,"column":28}},"52":{"start":{"line":53,"column":0},"end":{"line":53,"column":7}},"53":{"start":{"line":54,"column":0},"end":{"line":54,"column":18}},"54":{"start":{"line":55,"column":0},"end":{"line":55,"column":12}},"55":{"start":{"line":56,"column":0},"end":{"line":56,"column":10}},"56":{"start":{"line":57,"column":0},"end":{"line":57,"column":4}},"57":{"start":{"line":58,"column":0},"end":{"line":58,"column":2}}},"s":{"0":1,"1":1,"2":1,"3":1,"4":1,"5":1,"6":1,"7":1,"8":1,"9":1,"10":1,"11":1,"12":1,"13":1,"14":1,"15":1,"16":1,"17":1,"18":7,"19":7,"20":7,"21":7,"22":7,"23":7,"24":7,"25":7,"26":7,"27":7,"28":7,"29":7,"30":7,"31":7,"32":7,"33":7,"34":7,"35":7,"36":7,"37":7,"38":7,"39":7,"40":7,"41":7,"42":7,"43":7,"44":7,"45":7,"46":7,"47":7,"48":7,"49":7,"50":7,"51":7,"52":7,"53":7,"54":7,"55":7,"56":7,"57":7},"branchMap":{"0":{"type":"branch","line":18,"loc":{"start":{"line":18,"column":51},"end":{"line":58,"column":2}},"locations":[{"start":{"line":18,"column":51},"end":{"line":58,"column":2}}]},"1":{"type":"branch","line":20,"loc":{"start":{"line":20,"column":19},"end":{"line":20,"column":20}},"locations":[{"start":{"line":20,"column":19},"end":{"line":20,"column":20}}]},"2":{"type":"branch","line":21,"loc":{"start":{"line":21,"column":19},"end":{"line":21,"column":20}},"locations":[{"start":{"line":21,"column":19},"end":{"line":21,"column":20}}]},"3":{"type":"branch","line":24,"loc":{"start":{"line":24,"column":14},"end":{"line":24,"column":19}},"locations":[{"start":{"line":24,"column":14},"end":{"line":24,"column":19}}]},"4":{"type":"branch","line":25,"loc":{"start":{"line":25,"column":14},"end":{"line":25,"column":19}},"locations":[{"start":{"line":25,"column":14},"end":{"line":25,"column":19}}]},"5":{"type":"branch","line":32,"loc":{"start":{"line":32,"column":12},"end":{"line":39,"column":3}},"locations":[{"start":{"line":32,"column":12},"end":{"line":39,"column":3}}]}},"b":{"0":[7],"1":[0],"2":[0],"3":[0],"4":[0],"5":[7]},"fnMap":{"0":{"name":"TransformComponent","decl":{"start":{"line":18,"column":51},"end":{"line":58,"column":2}},"loc":{"start":{"line":18,"column":51},"end":{"line":58,"column":2}},"line":18}},"f":{"0":7}}
,"/Users/maciejpyrc/Praca/better-typed/open-source/react-zoom-pan-pinch/src/components/transform-wrapper/transform-wrapper.tsx": {"path":"/Users/maciejpyrc/Praca/better-typed/open-source/react-zoom-pan-pinch/src/components/transform-wrapper/transform-wrapper.tsx","all":false,"statementMap":{"0":{"start":{"line":1,"column":0},"end":{"line":1,"column":70}},"1":{"start":{"line":2,"column":0},"end":{"line":2,"column":0}},"2":{"start":{"line":3,"column":0},"end":{"line":3,"column":56}},"3":{"start":{"line":4,"column":0},"end":{"line":4,"column":8}},"4":{"start":{"line":5,"column":0},"end":{"line":5,"column":30}},"5":{"start":{"line":6,"column":0},"end":{"line":6,"column":25}},"6":{"start":{"line":7,"column":0},"end":{"line":7,"column":22}},"7":{"start":{"line":8,"column":0},"end":{"line":8,"column":42}},"8":{"start":{"line":9,"column":0},"end":{"line":9,"column":0}},"9":{"start":{"line":10,"column":0},"end":{"line":10,"column":70}},"10":{"start":{"line":11,"column":0},"end":{"line":11,"column":0}},"11":{"start":{"line":12,"column":0},"end":{"line":12,"column":20}},"12":{"start":{"line":13,"column":0},"end":{"line":13,"column":47}},"13":{"start":{"line":14,"column":0},"end":{"line":14,"column":35}},"14":{"start":{"line":15,"column":0},"end":{"line":15,"column":6}},"15":{"start":{"line":16,"column":0},"end":{"line":16,"column":39}},"16":{"start":{"line":17,"column":0},"end":{"line":17,"column":25}},"17":{"start":{"line":18,"column":0},"end":{"line":18,"column":3}},"18":{"start":{"line":19,"column":0},"end":{"line":19,"column":18}},"19":{"start":{"line":20,"column":0},"end":{"line":20,"column":2}},"20":{"start":{"line":21,"column":0},"end":{"line":21,"column":0}},"21":{"start":{"line":22,"column":0},"end":{"line":22,"column":49}},"22":{"start":{"line":23,"column":0},"end":{"line":23,"column":3}},"23":{"start":{"line":24,"column":0},"end":{"line":24,"column":47}},"24":{"start":{"line":25,"column":0},"end":{"line":25,"column":48}},"25":{"start":{"line":26,"column":0},"end":{"line":26,"column":8}},"26":{"start":{"line":27,"column":0},"end":{"line":27,"column":61}},"27":{"start":{"line":28,"column":0},"end":{"line":28,"column":0}},"28":{"start":{"line":29,"column":0},"end":{"line":29,"column":70}},"29":{"start":{"line":30,"column":0},"end":{"line":30,"column":0}},"30":{"start":{"line":31,"column":0},"end":{"line":31,"column":70}},"31":{"start":{"line":32,"column":0},"end":{"line":32,"column":0}},"32":{"start":{"line":33,"column":0},"end":{"line":33,"column":21}},"33":{"start":{"line":34,"column":0},"end":{"line":34,"column":29}},"34":{"start":{"line":35,"column":0},"end":{"line":35,"column":26}},"35":{"start":{"line":36,"column":0},"end":{"line":36,"column":0}},"36":{"start":{"line":37,"column":0},"end":{"line":37,"column":75}},"37":{"start":{"line":38,"column":0},"end":{"line":38,"column":4}},"38":{"start":{"line":39,"column":0},"end":{"line":39,"column":2}}},"s":{"0":1,"1":1,"2":1,"3":1,"4":1,"5":1,"6":1,"7":1,"8":1,"9":1,"10":1,"11":1,"12":7,"13":7,"14":7,"15":7,"16":7,"17":7,"18":0,"19":0,"20":1,"21":1,"22":1,"23":7,"24":7,"25":7,"26":7,"27":7,"28":7,"29":7,"30":7,"31":7,"32":7,"33":7,"34":7,"35":7,"36":7,"37":7,"38":1},"branchMap":{"0":{"type":"branch","line":12,"loc":{"start":{"line":12,"column":19},"end":{"line":20,"column":2}},"locations":[{"start":{"line":12,"column":19},"end":{"line":20,"column":2}}]},"1":{"type":"branch","line":19,"loc":{"start":{"line":19,"column":-1},"end":{"line":20,"column":2}},"locations":[{"start":{"line":19,"column":-1},"end":{"line":20,"column":2}}]},"2":{"type":"branch","line":23,"loc":{"start":{"line":23,"column":2},"end":{"line":38,"column":4}},"locations":[{"start":{"line":23,"column":2},"end":{"line":38,"column":4}}]},"3":{"type":"branch","line":33,"loc":{"start":{"line":33,"column":14},"end":{"line":35,"column":5}},"locations":[{"start":{"line":33,"column":14},"end":{"line":35,"column":5}}]}},"b":{"0":[7],"1":[0],"2":[7],"3":[7]},"fnMap":{"0":{"name":"getContent","decl":{"start":{"line":12,"column":19},"end":{"line":20,"column":2}},"loc":{"start":{"line":12,"column":19},"end":{"line":20,"column":2}},"line":12}},"f":{"0":7}}
,"/Users/maciejpyrc/Praca/better-typed/open-source/react-zoom-pan-pinch/src/core/instance.core.ts": {"path":"/Users/maciejpyrc/Praca/better-typed/open-source/react-zoom-pan-pinch/src/core/instance.core.ts","all":false,"statementMap":{"0":{"start":{"line":1,"column":0},"end":{"line":1,"column":8}},"1":{"start":{"line":2,"column":0},"end":{"line":2,"column":13}},"2":{"start":{"line":3,"column":0},"end":{"line":3,"column":15}},"3":{"start":{"line":4,"column":0},"end":{"line":4,"column":15}},"4":{"start":{"line":5,"column":0},"end":{"line":5,"column":15}},"5":{"start":{"line":6,"column":0},"end":{"line":6,"column":16}},"6":{"start":{"line":7,"column":0},"end":{"line":7,"column":25}},"7":{"start":{"line":8,"column":0},"end":{"line":8,"column":25}},"8":{"start":{"line":9,"column":0},"end":{"line":9,"column":23}},"9":{"start":{"line":10,"column":0},"end":{"line":10,"column":19}},"10":{"start":{"line":11,"column":0},"end":{"line":11,"column":8}},"11":{"start":{"line":12,"column":0},"end":{"line":12,"column":13}},"12":{"start":{"line":13,"column":0},"end":{"line":13,"column":14}},"13":{"start":{"line":14,"column":0},"end":{"line":14,"column":14}},"14":{"start":{"line":15,"column":0},"end":{"line":15,"column":17}},"15":{"start":{"line":16,"column":0},"end":{"line":16,"column":21}},"16":{"start":{"line":17,"column":0},"end":{"line":17,"column":25}},"17":{"start":{"line":18,"column":0},"end":{"line":18,"column":20}},"18":{"start":{"line":19,"column":0},"end":{"line":19,"column":18}},"19":{"start":{"line":20,"column":0},"end":{"line":20,"column":70}},"20":{"start":{"line":21,"column":0},"end":{"line":21,"column":53}},"21":{"start":{"line":22,"column":0},"end":{"line":22,"column":74}},"22":{"start":{"line":23,"column":0},"end":{"line":23,"column":62}},"23":{"start":{"line":24,"column":0},"end":{"line":24,"column":8}},"24":{"start":{"line":25,"column":0},"end":{"line":25,"column":19}},"25":{"start":{"line":26,"column":0},"end":{"line":26,"column":18}},"26":{"start":{"line":27,"column":0},"end":{"line":27,"column":18}},"27":{"start":{"line":28,"column":0},"end":{"line":28,"column":29}},"28":{"start":{"line":29,"column":0},"end":{"line":29,"column":78}},"29":{"start":{"line":30,"column":0},"end":{"line":30,"column":8}},"30":{"start":{"line":31,"column":0},"end":{"line":31,"column":16}},"31":{"start":{"line":32,"column":0},"end":{"line":32,"column":19}},"32":{"start":{"line":33,"column":0},"end":{"line":33,"column":21}},"33":{"start":{"line":34,"column":0},"end":{"line":34,"column":29}},"34":{"start":{"line":35,"column":0},"end":{"line":35,"column":8}},"35":{"start":{"line":36,"column":0},"end":{"line":36,"column":19}},"36":{"start":{"line":37,"column":0},"end":{"line":37,"column":18}},"37":{"start":{"line":38,"column":0},"end":{"line":38,"column":18}},"38":{"start":{"line":39,"column":0},"end":{"line":39,"column":29}},"39":{"start":{"line":40,"column":0},"end":{"line":40,"column":8}},"40":{"start":{"line":41,"column":0},"end":{"line":41,"column":20}},"41":{"start":{"line":42,"column":0},"end":{"line":42,"column":23}},"42":{"start":{"line":43,"column":0},"end":{"line":43,"column":43}},"43":{"start":{"line":44,"column":0},"end":{"line":44,"column":0}},"44":{"start":{"line":45,"column":0},"end":{"line":45,"column":55}},"45":{"start":{"line":46,"column":0},"end":{"line":46,"column":0}},"46":{"start":{"line":47,"column":0},"end":{"line":47,"column":27}},"47":{"start":{"line":48,"column":0},"end":{"line":48,"column":39}},"48":{"start":{"line":49,"column":0},"end":{"line":49,"column":0}},"49":{"start":{"line":50,"column":0},"end":{"line":50,"column":24}},"50":{"start":{"line":51,"column":0},"end":{"line":51,"column":0}},"51":{"start":{"line":52,"column":0},"end":{"line":52,"column":48}},"52":{"start":{"line":53,"column":0},"end":{"line":53,"column":29}},"53":{"start":{"line":54,"column":0},"end":{"line":54,"column":35}},"54":{"start":{"line":55,"column":0},"end":{"line":55,"column":70}},"55":{"start":{"line":56,"column":0},"end":{"line":56,"column":14}},"56":{"start":{"line":57,"column":0},"end":{"line":57,"column":79}},"57":{"start":{"line":58,"column":0},"end":{"line":58,"column":0}},"58":{"start":{"line":59,"column":0},"end":{"line":59,"column":15}},"59":{"start":{"line":60,"column":0},"end":{"line":60,"column":56}},"60":{"start":{"line":61,"column":0},"end":{"line":61,"column":56}},"61":{"start":{"line":62,"column":0},"end":{"line":62,"column":19}},"62":{"start":{"line":63,"column":0},"end":{"line":63,"column":31}},"63":{"start":{"line":64,"column":0},"end":{"line":64,"column":42}},"64":{"start":{"line":65,"column":0},"end":{"line":65,"column":18}},"65":{"start":{"line":66,"column":0},"end":{"line":66,"column":54}},"66":{"start":{"line":67,"column":0},"end":{"line":67,"column":74}},"67":{"start":{"line":68,"column":0},"end":{"line":68,"column":74}},"68":{"start":{"line":69,"column":0},"end":{"line":69,"column":20}},"69":{"start":{"line":70,"column":0},"end":{"line":70,"column":27}},"70":{"start":{"line":71,"column":0},"end":{"line":71,"column":45}},"71":{"start":{"line":72,"column":0},"end":{"line":72,"column":41}},"72":{"start":{"line":73,"column":0},"end":{"line":73,"column":18}},"73":{"start":{"line":74,"column":0},"end":{"line":74,"column":40}},"74":{"start":{"line":75,"column":0},"end":{"line":75,"column":44}},"75":{"start":{"line":76,"column":0},"end":{"line":76,"column":50}},"76":{"start":{"line":77,"column":0},"end":{"line":77,"column":47}},"77":{"start":{"line":78,"column":0},"end":{"line":78,"column":51}},"78":{"start":{"line":79,"column":0},"end":{"line":79,"column":25}},"79":{"start":{"line":80,"column":0},"end":{"line":80,"column":80}},"80":{"start":{"line":81,"column":0},"end":{"line":81,"column":21}},"81":{"start":{"line":82,"column":0},"end":{"line":82,"column":46}},"82":{"start":{"line":83,"column":0},"end":{"line":83,"column":44}},"83":{"start":{"line":84,"column":0},"end":{"line":84,"column":55}},"84":{"start":{"line":85,"column":0},"end":{"line":85,"column":23}},"85":{"start":{"line":86,"column":0},"end":{"line":86,"column":25}},"86":{"start":{"line":87,"column":0},"end":{"line":87,"column":48}},"87":{"start":{"line":88,"column":0},"end":{"line":88,"column":45}},"88":{"start":{"line":89,"column":0},"end":{"line":89,"column":14}},"89":{"start":{"line":90,"column":0},"end":{"line":90,"column":54}},"90":{"start":{"line":91,"column":0},"end":{"line":91,"column":0}},"91":{"start":{"line":92,"column":0},"end":{"line":92,"column":46}},"92":{"start":{"line":93,"column":0},"end":{"line":93,"column":23}},"93":{"start":{"line":94,"column":0},"end":{"line":94,"column":41}},"94":{"start":{"line":95,"column":0},"end":{"line":95,"column":50}},"95":{"start":{"line":96,"column":0},"end":{"line":96,"column":3}},"96":{"start":{"line":97,"column":0},"end":{"line":97,"column":0}},"97":{"start":{"line":98,"column":0},"end":{"line":98,"column":17}},"98":{"start":{"line":99,"column":0},"end":{"line":99,"column":34}},"99":{"start":{"line":100,"column":0},"end":{"line":100,"column":4}},"100":{"start":{"line":101,"column":0},"end":{"line":101,"column":0}},"101":{"start":{"line":102,"column":0},"end":{"line":102,"column":19}},"102":{"start":{"line":103,"column":0},"end":{"line":103,"column":31}},"103":{"start":{"line":104,"column":0},"end":{"line":104,"column":4}},"104":{"start":{"line":105,"column":0},"end":{"line":105,"column":0}},"105":{"start":{"line":106,"column":0},"end":{"line":106,"column":50}},"106":{"start":{"line":107,"column":0},"end":{"line":107,"column":59}},"107":{"start":{"line":108,"column":0},"end":{"line":108,"column":39}},"108":{"start":{"line":109,"column":0},"end":{"line":109,"column":4}},"109":{"start":{"line":110,"column":0},"end":{"line":110,"column":0}},"110":{"start":{"line":111,"column":0},"end":{"line":111,"column":40}},"111":{"start":{"line":112,"column":0},"end":{"line":112,"column":45}},"112":{"start":{"line":113,"column":0},"end":{"line":113,"column":65}},"113":{"start":{"line":114,"column":0},"end":{"line":114,"column":55}},"114":{"start":{"line":115,"column":0},"end":{"line":115,"column":80}},"115":{"start":{"line":116,"column":0},"end":{"line":116,"column":79}},"116":{"start":{"line":117,"column":0},"end":{"line":117,"column":74}},"117":{"start":{"line":118,"column":0},"end":{"line":118,"column":76}},"118":{"start":{"line":119,"column":0},"end":{"line":119,"column":80}},"119":{"start":{"line":120,"column":0},"end":{"line":120,"column":76}},"120":{"start":{"line":121,"column":0},"end":{"line":121,"column":76}},"121":{"start":{"line":122,"column":0},"end":{"line":122,"column":4}},"122":{"start":{"line":123,"column":0},"end":{"line":123,"column":0}},"123":{"start":{"line":124,"column":0},"end":{"line":124,"column":37}},"124":{"start":{"line":125,"column":0},"end":{"line":125,"column":45}},"125":{"start":{"line":126,"column":0},"end":{"line":126,"column":65}},"126":{"start":{"line":127,"column":0},"end":{"line":127,"column":55}},"127":{"start":{"line":128,"column":0},"end":{"line":128,"column":39}},"128":{"start":{"line":129,"column":0},"end":{"line":129,"column":18}},"129":{"start":{"line":130,"column":0},"end":{"line":130,"column":26}},"130":{"start":{"line":131,"column":0},"end":{"line":131,"column":14}},"131":{"start":{"line":132,"column":0},"end":{"line":132,"column":6}},"132":{"start":{"line":133,"column":0},"end":{"line":133,"column":77}},"133":{"start":{"line":134,"column":0},"end":{"line":134,"column":79}},"134":{"start":{"line":135,"column":0},"end":{"line":135,"column":41}},"135":{"start":{"line":136,"column":0},"end":{"line":136,"column":19}},"136":{"start":{"line":137,"column":0},"end":{"line":137,"column":24}},"137":{"start":{"line":138,"column":0},"end":{"line":138,"column":14}},"138":{"start":{"line":139,"column":0},"end":{"line":139,"column":6}},"139":{"start":{"line":140,"column":0},"end":{"line":140,"column":79}},"140":{"start":{"line":141,"column":0},"end":{"line":141,"column":79}},"141":{"start":{"line":142,"column":0},"end":{"line":142,"column":75}},"142":{"start":{"line":143,"column":0},"end":{"line":143,"column":0}},"143":{"start":{"line":144,"column":0},"end":{"line":144,"column":32}},"144":{"start":{"line":145,"column":0},"end":{"line":145,"column":32}},"145":{"start":{"line":146,"column":0},"end":{"line":146,"column":4}},"146":{"start":{"line":147,"column":0},"end":{"line":147,"column":0}},"147":{"start":{"line":148,"column":0},"end":{"line":148,"column":70}},"148":{"start":{"line":149,"column":0},"end":{"line":149,"column":32}},"149":{"start":{"line":150,"column":0},"end":{"line":150,"column":45}},"150":{"start":{"line":151,"column":0},"end":{"line":151,"column":0}},"151":{"start":{"line":152,"column":0},"end":{"line":152,"column":65}},"152":{"start":{"line":153,"column":0},"end":{"line":153,"column":70}},"153":{"start":{"line":154,"column":0},"end":{"line":154,"column":78}},"154":{"start":{"line":155,"column":0},"end":{"line":155,"column":72}},"155":{"start":{"line":156,"column":0},"end":{"line":156,"column":75}},"156":{"start":{"line":157,"column":0},"end":{"line":157,"column":4}},"157":{"start":{"line":158,"column":0},"end":{"line":158,"column":0}},"158":{"start":{"line":159,"column":0},"end":{"line":159,"column":66}},"159":{"start":{"line":160,"column":0},"end":{"line":160,"column":40}},"160":{"start":{"line":161,"column":0},"end":{"line":161,"column":31}},"161":{"start":{"line":162,"column":0},"end":{"line":162,"column":75}},"162":{"start":{"line":163,"column":0},"end":{"line":163,"column":0}},"163":{"start":{"line":164,"column":0},"end":{"line":164,"column":23}},"164":{"start":{"line":165,"column":0},"end":{"line":165,"column":23}},"165":{"start":{"line":166,"column":0},"end":{"line":166,"column":48}},"166":{"start":{"line":167,"column":0},"end":{"line":167,"column":79}},"167":{"start":{"line":168,"column":0},"end":{"line":168,"column":25}},"168":{"start":{"line":169,"column":0},"end":{"line":169,"column":36}},"169":{"start":{"line":170,"column":0},"end":{"line":170,"column":9}},"170":{"start":{"line":171,"column":0},"end":{"line":171,"column":0}},"171":{"start":{"line":172,"column":0},"end":{"line":172,"column":65}},"172":{"start":{"line":173,"column":0},"end":{"line":173,"column":46}},"173":{"start":{"line":174,"column":0},"end":{"line":174,"column":5}},"174":{"start":{"line":175,"column":0},"end":{"line":175,"column":4}},"175":{"start":{"line":176,"column":0},"end":{"line":176,"column":0}},"176":{"start":{"line":177,"column":0},"end":{"line":177,"column":13}},"177":{"start":{"line":178,"column":0},"end":{"line":178,"column":9}},"178":{"start":{"line":179,"column":0},"end":{"line":179,"column":13}},"179":{"start":{"line":180,"column":0},"end":{"line":180,"column":0}},"180":{"start":{"line":181,"column":0},"end":{"line":181,"column":46}},"181":{"start":{"line":182,"column":0},"end":{"line":182,"column":36}},"182":{"start":{"line":183,"column":0},"end":{"line":183,"column":25}},"183":{"start":{"line":184,"column":0},"end":{"line":184,"column":0}},"184":{"start":{"line":185,"column":0},"end":{"line":185,"column":50}},"185":{"start":{"line":186,"column":0},"end":{"line":186,"column":27}},"186":{"start":{"line":187,"column":0},"end":{"line":187,"column":0}},"187":{"start":{"line":188,"column":0},"end":{"line":188,"column":77}},"188":{"start":{"line":189,"column":0},"end":{"line":189,"column":29}},"189":{"start":{"line":190,"column":0},"end":{"line":190,"column":0}},"190":{"start":{"line":191,"column":0},"end":{"line":191,"column":34}},"191":{"start":{"line":192,"column":0},"end":{"line":192,"column":33}},"192":{"start":{"line":193,"column":0},"end":{"line":193,"column":33}},"193":{"start":{"line":194,"column":0},"end":{"line":194,"column":4}},"194":{"start":{"line":195,"column":0},"end":{"line":195,"column":0}},"195":{"start":{"line":196,"column":0},"end":{"line":196,"column":13}},"196":{"start":{"line":197,"column":0},"end":{"line":197,"column":8}},"197":{"start":{"line":198,"column":0},"end":{"line":198,"column":13}},"198":{"start":{"line":199,"column":0},"end":{"line":199,"column":0}},"199":{"start":{"line":200,"column":0},"end":{"line":200,"column":49}},"200":{"start":{"line":201,"column":0},"end":{"line":201,"column":36}},"201":{"start":{"line":202,"column":0},"end":{"line":202,"column":42}},"202":{"start":{"line":203,"column":0},"end":{"line":203,"column":25}},"203":{"start":{"line":204,"column":0},"end":{"line":204,"column":0}},"204":{"start":{"line":205,"column":0},"end":{"line":205,"column":57}},"205":{"start":{"line":206,"column":0},"end":{"line":206,"column":27}},"206":{"start":{"line":207,"column":0},"end":{"line":207,"column":0}},"207":{"start":{"line":208,"column":0},"end":{"line":208,"column":79}},"208":{"start":{"line":209,"column":0},"end":{"line":209,"column":29}},"209":{"start":{"line":210,"column":0},"end":{"line":210,"column":0}},"210":{"start":{"line":211,"column":0},"end":{"line":211,"column":27}},"211":{"start":{"line":212,"column":0},"end":{"line":212,"column":28}},"212":{"start":{"line":213,"column":0},"end":{"line":213,"column":0}},"213":{"start":{"line":214,"column":0},"end":{"line":214,"column":32}},"214":{"start":{"line":215,"column":0},"end":{"line":215,"column":36}},"215":{"start":{"line":216,"column":0},"end":{"line":216,"column":60}},"216":{"start":{"line":217,"column":0},"end":{"line":217,"column":4}},"217":{"start":{"line":218,"column":0},"end":{"line":218,"column":0}},"218":{"start":{"line":219,"column":0},"end":{"line":219,"column":44}},"219":{"start":{"line":220,"column":0},"end":{"line":220,"column":36}},"220":{"start":{"line":221,"column":0},"end":{"line":221,"column":37}},"221":{"start":{"line":222,"column":0},"end":{"line":222,"column":0}},"222":{"start":{"line":223,"column":0},"end":{"line":223,"column":25}},"223":{"start":{"line":224,"column":0},"end":{"line":224,"column":0}},"224":{"start":{"line":225,"column":0},"end":{"line":225,"column":45}},"225":{"start":{"line":226,"column":0},"end":{"line":226,"column":27}},"226":{"start":{"line":227,"column":0},"end":{"line":227,"column":0}},"227":{"start":{"line":228,"column":0},"end":{"line":228,"column":79}},"228":{"start":{"line":229,"column":0},"end":{"line":229,"column":29}},"229":{"start":{"line":230,"column":0},"end":{"line":230,"column":0}},"230":{"start":{"line":231,"column":0},"end":{"line":231,"column":27}},"231":{"start":{"line":232,"column":0},"end":{"line":232,"column":28}},"232":{"start":{"line":233,"column":0},"end":{"line":233,"column":0}},"233":{"start":{"line":234,"column":0},"end":{"line":234,"column":54}},"234":{"start":{"line":235,"column":0},"end":{"line":235,"column":55}},"235":{"start":{"line":236,"column":0},"end":{"line":236,"column":4}},"236":{"start":{"line":237,"column":0},"end":{"line":237,"column":0}},"237":{"start":{"line":238,"column":0},"end":{"line":238,"column":61}},"238":{"start":{"line":239,"column":0},"end":{"line":239,"column":41}},"239":{"start":{"line":240,"column":0},"end":{"line":240,"column":0}},"240":{"start":{"line":241,"column":0},"end":{"line":241,"column":25}},"241":{"start":{"line":242,"column":0},"end":{"line":242,"column":29}},"242":{"start":{"line":243,"column":0},"end":{"line":243,"column":61}},"243":{"start":{"line":244,"column":0},"end":{"line":244,"column":5}},"244":{"start":{"line":245,"column":0},"end":{"line":245,"column":4}},"245":{"start":{"line":246,"column":0},"end":{"line":246,"column":0}},"246":{"start":{"line":247,"column":0},"end":{"line":247,"column":13}},"247":{"start":{"line":248,"column":0},"end":{"line":248,"column":10}},"248":{"start":{"line":249,"column":0},"end":{"line":249,"column":13}},"249":{"start":{"line":250,"column":0},"end":{"line":250,"column":0}},"250":{"start":{"line":251,"column":0},"end":{"line":251,"column":47}},"251":{"start":{"line":252,"column":0},"end":{"line":252,"column":36}},"252":{"start":{"line":253,"column":0},"end":{"line":253,"column":56}},"253":{"start":{"line":254,"column":0},"end":{"line":254,"column":0}},"254":{"start":{"line":255,"column":0},"end":{"line":255,"column":25}},"255":{"start":{"line":256,"column":0},"end":{"line":256,"column":0}},"256":{"start":{"line":257,"column":0},"end":{"line":257,"column":55}},"257":{"start":{"line":258,"column":0},"end":{"line":258,"column":27}},"258":{"start":{"line":259,"column":0},"end":{"line":259,"column":0}},"259":{"start":{"line":260,"column":0},"end":{"line":260,"column":34}},"260":{"start":{"line":261,"column":0},"end":{"line":261,"column":32}},"261":{"start":{"line":262,"column":0},"end":{"line":262,"column":61}},"262":{"start":{"line":263,"column":0},"end":{"line":263,"column":57}},"263":{"start":{"line":264,"column":0},"end":{"line":264,"column":4}},"264":{"start":{"line":265,"column":0},"end":{"line":265,"column":0}},"265":{"start":{"line":266,"column":0},"end":{"line":266,"column":42}},"266":{"start":{"line":267,"column":0},"end":{"line":267,"column":36}},"267":{"start":{"line":268,"column":0},"end":{"line":268,"column":46}},"268":{"start":{"line":269,"column":0},"end":{"line":269,"column":0}},"269":{"start":{"line":270,"column":0},"end":{"line":270,"column":25}},"270":{"start":{"line":271,"column":0},"end":{"line":271,"column":0}},"271":{"start":{"line":272,"column":0},"end":{"line":272,"column":43}},"272":{"start":{"line":273,"column":0},"end":{"line":273,"column":27}},"273":{"start":{"line":274,"column":0},"end":{"line":274,"column":0}},"274":{"start":{"line":275,"column":0},"end":{"line":275,"column":27}},"275":{"start":{"line":276,"column":0},"end":{"line":276,"column":28}},"276":{"start":{"line":277,"column":0},"end":{"line":277,"column":0}},"277":{"start":{"line":278,"column":0},"end":{"line":278,"column":33}},"278":{"start":{"line":279,"column":0},"end":{"line":279,"column":56}},"279":{"start":{"line":280,"column":0},"end":{"line":280,"column":52}},"280":{"start":{"line":281,"column":0},"end":{"line":281,"column":4}},"281":{"start":{"line":282,"column":0},"end":{"line":282,"column":0}},"282":{"start":{"line":283,"column":0},"end":{"line":283,"column":46}},"283":{"start":{"line":284,"column":0},"end":{"line":284,"column":54}},"284":{"start":{"line":285,"column":0},"end":{"line":285,"column":0}},"285":{"start":{"line":286,"column":0},"end":{"line":286,"column":31}},"286":{"start":{"line":287,"column":0},"end":{"line":287,"column":28}},"287":{"start":{"line":288,"column":0},"end":{"line":288,"column":62}},"288":{"start":{"line":289,"column":0},"end":{"line":289,"column":58}},"289":{"start":{"line":290,"column":0},"end":{"line":290,"column":5}},"290":{"start":{"line":291,"column":0},"end":{"line":291,"column":4}},"291":{"start":{"line":292,"column":0},"end":{"line":292,"column":0}},"292":{"start":{"line":293,"column":0},"end":{"line":293,"column":13}},"293":{"start":{"line":294,"column":0},"end":{"line":294,"column":10}},"294":{"start":{"line":295,"column":0},"end":{"line":295,"column":13}},"295":{"start":{"line":296,"column":0},"end":{"line":296,"column":0}},"296":{"start":{"line":297,"column":0},"end":{"line":297,"column":54}},"297":{"start":{"line":298,"column":0},"end":{"line":298,"column":36}},"298":{"start":{"line":299,"column":0},"end":{"line":299,"column":42}},"299":{"start":{"line":300,"column":0},"end":{"line":300,"column":0}},"300":{"start":{"line":301,"column":0},"end":{"line":301,"column":25}},"301":{"start":{"line":302,"column":0},"end":{"line":302,"column":0}},"302":{"start":{"line":303,"column":0},"end":{"line":303,"column":57}},"303":{"start":{"line":304,"column":0},"end":{"line":304,"column":0}},"304":{"start":{"line":305,"column":0},"end":{"line":305,"column":27}},"305":{"start":{"line":306,"column":0},"end":{"line":306,"column":0}},"306":{"start":{"line":307,"column":0},"end":{"line":307,"column":77}},"307":{"start":{"line":308,"column":0},"end":{"line":308,"column":0}},"308":{"start":{"line":309,"column":0},"end":{"line":309,"column":52}},"309":{"start":{"line":310,"column":0},"end":{"line":310,"column":32}},"310":{"start":{"line":311,"column":0},"end":{"line":311,"column":12}},"311":{"start":{"line":312,"column":0},"end":{"line":312,"column":35}},"312":{"start":{"line":313,"column":0},"end":{"line":313,"column":0}},"313":{"start":{"line":314,"column":0},"end":{"line":314,"column":34}},"314":{"start":{"line":315,"column":0},"end":{"line":315,"column":0}},"315":{"start":{"line":316,"column":0},"end":{"line":316,"column":32}},"316":{"start":{"line":317,"column":0},"end":{"line":317,"column":0}},"317":{"start":{"line":318,"column":0},"end":{"line":318,"column":51}},"318":{"start":{"line":319,"column":0},"end":{"line":319,"column":49}},"319":{"start":{"line":320,"column":0},"end":{"line":320,"column":0}},"320":{"start":{"line":321,"column":0},"end":{"line":321,"column":28}},"321":{"start":{"line":322,"column":0},"end":{"line":322,"column":36}},"322":{"start":{"line":323,"column":0},"end":{"line":323,"column":40}},"323":{"start":{"line":324,"column":0},"end":{"line":324,"column":64}},"324":{"start":{"line":325,"column":0},"end":{"line":325,"column":7}},"325":{"start":{"line":326,"column":0},"end":{"line":326,"column":26}},"326":{"start":{"line":327,"column":0},"end":{"line":327,"column":33}},"327":{"start":{"line":328,"column":0},"end":{"line":328,"column":7}},"328":{"start":{"line":329,"column":0},"end":{"line":329,"column":5}},"329":{"start":{"line":330,"column":0},"end":{"line":330,"column":4}},"330":{"start":{"line":331,"column":0},"end":{"line":331,"column":0}},"331":{"start":{"line":332,"column":0},"end":{"line":332,"column":49}},"332":{"start":{"line":333,"column":0},"end":{"line":333,"column":36}},"333":{"start":{"line":334,"column":0},"end":{"line":334,"column":37}},"334":{"start":{"line":335,"column":0},"end":{"line":335,"column":0}},"335":{"start":{"line":336,"column":0},"end":{"line":336,"column":55}},"336":{"start":{"line":337,"column":0},"end":{"line":337,"column":27}},"337":{"start":{"line":338,"column":0},"end":{"line":338,"column":0}},"338":{"start":{"line":339,"column":0},"end":{"line":339,"column":47}},"339":{"start":{"line":340,"column":0},"end":{"line":340,"column":29}},"340":{"start":{"line":341,"column":0},"end":{"line":341,"column":0}},"341":{"start":{"line":342,"column":0},"end":{"line":342,"column":29}},"342":{"start":{"line":343,"column":0},"end":{"line":343,"column":30}},"343":{"start":{"line":344,"column":0},"end":{"line":344,"column":0}},"344":{"start":{"line":345,"column":0},"end":{"line":345,"column":37}},"345":{"start":{"line":346,"column":0},"end":{"line":346,"column":56}},"346":{"start":{"line":347,"column":0},"end":{"line":347,"column":57}},"347":{"start":{"line":348,"column":0},"end":{"line":348,"column":42}},"348":{"start":{"line":349,"column":0},"end":{"line":349,"column":26}},"349":{"start":{"line":350,"column":0},"end":{"line":350,"column":5}},"350":{"start":{"line":351,"column":0},"end":{"line":351,"column":4}},"351":{"start":{"line":352,"column":0},"end":{"line":352,"column":0}},"352":{"start":{"line":353,"column":0},"end":{"line":353,"column":53}},"353":{"start":{"line":354,"column":0},"end":{"line":354,"column":30}},"354":{"start":{"line":355,"column":0},"end":{"line":355,"column":28}},"355":{"start":{"line":356,"column":0},"end":{"line":356,"column":4}},"356":{"start":{"line":357,"column":0},"end":{"line":357,"column":0}},"357":{"start":{"line":358,"column":0},"end":{"line":358,"column":13}},"358":{"start":{"line":359,"column":0},"end":{"line":359,"column":17}},"359":{"start":{"line":360,"column":0},"end":{"line":360,"column":13}},"360":{"start":{"line":361,"column":0},"end":{"line":361,"column":0}},"361":{"start":{"line":362,"column":0},"end":{"line":362,"column":61}},"362":{"start":{"line":363,"column":0},"end":{"line":363,"column":36}},"363":{"start":{"line":364,"column":0},"end":{"line":364,"column":25}},"364":{"start":{"line":365,"column":0},"end":{"line":365,"column":0}},"365":{"start":{"line":366,"column":0},"end":{"line":366,"column":56}},"366":{"start":{"line":367,"column":0},"end":{"line":367,"column":27}},"367":{"start":{"line":368,"column":0},"end":{"line":368,"column":0}},"368":{"start":{"line":369,"column":0},"end":{"line":369,"column":35}},"369":{"start":{"line":370,"column":0},"end":{"line":370,"column":4}},"370":{"start":{"line":371,"column":0},"end":{"line":371,"column":0}},"371":{"start":{"line":372,"column":0},"end":{"line":372,"column":13}},"372":{"start":{"line":373,"column":0},"end":{"line":373,"column":12}},"373":{"start":{"line":374,"column":0},"end":{"line":374,"column":13}},"374":{"start":{"line":375,"column":0},"end":{"line":375,"column":0}},"375":{"start":{"line":376,"column":0},"end":{"line":376,"column":47}},"376":{"start":{"line":377,"column":0},"end":{"line":377,"column":25}},"377":{"start":{"line":378,"column":0},"end":{"line":378,"column":32}},"378":{"start":{"line":379,"column":0},"end":{"line":379,"column":5}},"379":{"start":{"line":380,"column":0},"end":{"line":380,"column":4}},"380":{"start":{"line":381,"column":0},"end":{"line":381,"column":0}},"381":{"start":{"line":382,"column":0},"end":{"line":382,"column":47}},"382":{"start":{"line":383,"column":0},"end":{"line":383,"column":35}},"383":{"start":{"line":384,"column":0},"end":{"line":384,"column":4}},"384":{"start":{"line":385,"column":0},"end":{"line":385,"column":0}},"385":{"start":{"line":386,"column":0},"end":{"line":386,"column":49}},"386":{"start":{"line":387,"column":0},"end":{"line":387,"column":36}},"387":{"start":{"line":388,"column":0},"end":{"line":388,"column":4}},"388":{"start":{"line":389,"column":0},"end":{"line":389,"column":0}},"389":{"start":{"line":390,"column":0},"end":{"line":390,"column":49}},"390":{"start":{"line":391,"column":0},"end":{"line":391,"column":23}},"391":{"start":{"line":392,"column":0},"end":{"line":392,"column":18}},"392":{"start":{"line":393,"column":0},"end":{"line":393,"column":5}},"393":{"start":{"line":394,"column":0},"end":{"line":394,"column":62}},"394":{"start":{"line":395,"column":0},"end":{"line":395,"column":4}},"395":{"start":{"line":396,"column":0},"end":{"line":396,"column":0}},"396":{"start":{"line":397,"column":0},"end":{"line":397,"column":23}},"397":{"start":{"line":398,"column":0},"end":{"line":398,"column":18}},"398":{"start":{"line":399,"column":0},"end":{"line":399,"column":22}},"399":{"start":{"line":400,"column":0},"end":{"line":400,"column":22}},"400":{"start":{"line":401,"column":0},"end":{"line":401,"column":14}},"401":{"start":{"line":402,"column":0},"end":{"line":402,"column":41}},"402":{"start":{"line":403,"column":0},"end":{"line":403,"column":0}},"403":{"start":{"line":404,"column":0},"end":{"line":404,"column":8}},"404":{"start":{"line":405,"column":0},"end":{"line":405,"column":29}},"405":{"start":{"line":406,"column":0},"end":{"line":406,"column":33}},"406":{"start":{"line":407,"column":0},"end":{"line":407,"column":30}},"407":{"start":{"line":408,"column":0},"end":{"line":408,"column":7}},"408":{"start":{"line":409,"column":0},"end":{"line":409,"column":48}},"409":{"start":{"line":410,"column":0},"end":{"line":410,"column":70}},"410":{"start":{"line":411,"column":0},"end":{"line":411,"column":42}},"411":{"start":{"line":412,"column":0},"end":{"line":412,"column":7}},"412":{"start":{"line":413,"column":0},"end":{"line":413,"column":48}},"413":{"start":{"line":414,"column":0},"end":{"line":414,"column":48}},"414":{"start":{"line":415,"column":0},"end":{"line":415,"column":0}},"415":{"start":{"line":416,"column":0},"end":{"line":416,"column":35}},"416":{"start":{"line":417,"column":0},"end":{"line":417,"column":66}},"417":{"start":{"line":418,"column":0},"end":{"line":418,"column":0}},"418":{"start":{"line":419,"column":0},"end":{"line":419,"column":74}},"419":{"start":{"line":420,"column":0},"end":{"line":420,"column":33}},"420":{"start":{"line":421,"column":0},"end":{"line":421,"column":12}},"421":{"start":{"line":422,"column":0},"end":{"line":422,"column":53}},"422":{"start":{"line":423,"column":0},"end":{"line":423,"column":5}},"423":{"start":{"line":424,"column":0},"end":{"line":424,"column":4}},"424":{"start":{"line":425,"column":0},"end":{"line":425,"column":0}},"425":{"start":{"line":426,"column":0},"end":{"line":426,"column":27}},"426":{"start":{"line":427,"column":0},"end":{"line":427,"column":57}},"427":{"start":{"line":428,"column":0},"end":{"line":428,"column":44}},"428":{"start":{"line":429,"column":0},"end":{"line":429,"column":34}},"429":{"start":{"line":430,"column":0},"end":{"line":430,"column":30}},"430":{"start":{"line":431,"column":0},"end":{"line":431,"column":30}},"431":{"start":{"line":432,"column":0},"end":{"line":432,"column":8}},"432":{"start":{"line":433,"column":0},"end":{"line":433,"column":29}},"433":{"start":{"line":434,"column":0},"end":{"line":434,"column":26}},"434":{"start":{"line":435,"column":0},"end":{"line":435,"column":30}},"435":{"start":{"line":436,"column":0},"end":{"line":436,"column":30}},"436":{"start":{"line":437,"column":0},"end":{"line":437,"column":8}},"437":{"start":{"line":438,"column":0},"end":{"line":438,"column":5}},"438":{"start":{"line":439,"column":0},"end":{"line":439,"column":4}},"439":{"start":{"line":440,"column":0},"end":{"line":440,"column":0}},"440":{"start":{"line":441,"column":0},"end":{"line":441,"column":68}},"441":{"start":{"line":442,"column":0},"end":{"line":442,"column":37}},"442":{"start":{"line":443,"column":0},"end":{"line":443,"column":53}},"443":{"start":{"line":444,"column":0},"end":{"line":444,"column":5}},"444":{"start":{"line":445,"column":0},"end":{"line":445,"column":43}},"445":{"start":{"line":446,"column":0},"end":{"line":446,"column":4}},"446":{"start":{"line":447,"column":0},"end":{"line":447,"column":0}},"447":{"start":{"line":448,"column":0},"end":{"line":448,"column":37}},"448":{"start":{"line":449,"column":0},"end":{"line":449,"column":56}},"449":{"start":{"line":450,"column":0},"end":{"line":450,"column":64}},"450":{"start":{"line":451,"column":0},"end":{"line":451,"column":78}},"451":{"start":{"line":452,"column":0},"end":{"line":452,"column":54}},"452":{"start":{"line":453,"column":0},"end":{"line":453,"column":4}},"453":{"start":{"line":454,"column":0},"end":{"line":454,"column":0}},"454":{"start":{"line":455,"column":0},"end":{"line":455,"column":22}},"455":{"start":{"line":456,"column":0},"end":{"line":456,"column":28}},"456":{"start":{"line":457,"column":0},"end":{"line":457,"column":4}},"457":{"start":{"line":458,"column":0},"end":{"line":458,"column":0}},"458":{"start":{"line":459,"column":0},"end":{"line":459,"column":5}},"459":{"start":{"line":460,"column":0},"end":{"line":460,"column":10}},"460":{"start":{"line":461,"column":0},"end":{"line":461,"column":5}},"461":{"start":{"line":462,"column":0},"end":{"line":462,"column":0}},"462":{"start":{"line":463,"column":0},"end":{"line":463,"column":65}},"463":{"start":{"line":464,"column":0},"end":{"line":464,"column":48}},"464":{"start":{"line":465,"column":0},"end":{"line":465,"column":43}},"465":{"start":{"line":466,"column":0},"end":{"line":466,"column":5}},"466":{"start":{"line":467,"column":0},"end":{"line":467,"column":18}},"467":{"start":{"line":468,"column":0},"end":{"line":468,"column":46}},"468":{"start":{"line":469,"column":0},"end":{"line":469,"column":6}},"469":{"start":{"line":470,"column":0},"end":{"line":470,"column":4}},"470":{"start":{"line":471,"column":0},"end":{"line":471,"column":0}},"471":{"start":{"line":472,"column":0},"end":{"line":472,"column":63}},"472":{"start":{"line":473,"column":0},"end":{"line":473,"column":46}},"473":{"start":{"line":474,"column":0},"end":{"line":474,"column":41}},"474":{"start":{"line":475,"column":0},"end":{"line":475,"column":5}},"475":{"start":{"line":476,"column":0},"end":{"line":476,"column":18}},"476":{"start":{"line":477,"column":0},"end":{"line":477,"column":44}},"477":{"start":{"line":478,"column":0},"end":{"line":478,"column":6}},"478":{"start":{"line":479,"column":0},"end":{"line":479,"column":4}},"479":{"start":{"line":480,"column":0},"end":{"line":480,"column":0}},"480":{"start":{"line":481,"column":0},"end":{"line":481,"column":5}},"481":{"start":{"line":482,"column":0},"end":{"line":482,"column":19}},"482":{"start":{"line":483,"column":0},"end":{"line":483,"column":5}},"483":{"start":{"line":484,"column":0},"end":{"line":484,"column":0}},"484":{"start":{"line":485,"column":0},"end":{"line":485,"column":10}},"485":{"start":{"line":486,"column":0},"end":{"line":486,"column":37}},"486":{"start":{"line":487,"column":0},"end":{"line":487,"column":37}},"487":{"start":{"line":488,"column":0},"end":{"line":488,"column":14}},"488":{"start":{"line":489,"column":0},"end":{"line":489,"column":31}},"489":{"start":{"line":490,"column":0},"end":{"line":490,"column":45}},"490":{"start":{"line":491,"column":0},"end":{"line":491,"column":45}},"491":{"start":{"line":492,"column":0},"end":{"line":492,"column":59}},"492":{"start":{"line":493,"column":0},"end":{"line":493,"column":57}},"493":{"start":{"line":494,"column":0},"end":{"line":494,"column":44}},"494":{"start":{"line":495,"column":0},"end":{"line":495,"column":34}},"495":{"start":{"line":496,"column":0},"end":{"line":496,"column":30}},"496":{"start":{"line":497,"column":0},"end":{"line":497,"column":33}},"497":{"start":{"line":498,"column":0},"end":{"line":498,"column":54}},"498":{"start":{"line":499,"column":0},"end":{"line":499,"column":4}},"499":{"start":{"line":500,"column":0},"end":{"line":500,"column":1}}},"s":{"0":1,"1":1,"2":1,"3":1,"4":1,"5":1,"6":1,"7":1,"8":1,"9":1,"10":1,"11":1,"12":1,"13":1,"14":1,"15":1,"16":1,"17":1,"18":1,"19":1,"20":1,"21":1,"22":1,"23":1,"24":1,"25":1,"26":1,"27":1,"28":1,"29":1,"30":1,"31":1,"32":1,"33":1,"34":1,"35":1,"36":1,"37":1,"38":1,"39":1,"40":1,"41":1,"42":1,"43":1,"44":1,"45":1,"46":2,"47":2,"48":2,"49":2,"50":2,"51":2,"52":2,"53":2,"54":2,"55":2,"56":2,"57":2,"58":2,"59":2,"60":2,"61":2,"62":2,"63":2,"64":2,"65":2,"66":2,"67":2,"68":2,"69":2,"70":2,"71":2,"72":2,"73":2,"74":2,"75":2,"76":2,"77":2,"78":2,"79":2,"80":2,"81":2,"82":2,"83":2,"84":2,"85":2,"86":2,"87":2,"88":2,"89":2,"90":2,"91":2,"92":7,"93":7,"94":7,"95":7,"96":2,"97":2,"98":0,"99":2,"100":2,"101":2,"102":0,"103":2,"104":2,"105":2,"106":7,"107":7,"108":2,"109":2,"110":2,"111":7,"112":7,"113":7,"114":7,"115":7,"116":7,"117":7,"118":7,"119":7,"120":7,"121":2,"122":2,"123":2,"124":7,"125":7,"126":7,"127":7,"128":0,"129":0,"130":0,"131":7,"132":7,"133":7,"134":7,"135":0,"136":0,"137":0,"138":7,"139":7,"140":7,"141":7,"142":7,"143":7,"144":7,"145":2,"146":2,"147":2,"148":7,"149":7,"150":7,"151":7,"152":7,"153":7,"154":7,"155":7,"156":2,"157":2,"158":2,"159":7,"160":7,"161":7,"162":7,"163":7,"164":0,"165":0,"166":0,"167":0,"168":0,"169":0,"170":0,"171":0,"172":0,"173":0,"174":2,"175":2,"176":2,"177":2,"178":2,"179":2,"180":2,"181":0,"182":0,"183":0,"184":0,"185":0,"186":0,"187":0,"188":0,"189":0,"190":0,"191":0,"192":0,"193":2,"194":2,"195":2,"196":2,"197":2,"198":2,"199":2,"200":0,"201":0,"202":0,"203":0,"204":0,"205":0,"206":0,"207":0,"208":0,"209":0,"210":0,"211":0,"212":0,"213":0,"214":0,"215":0,"216":2,"217":2,"218":2,"219":0,"220":0,"221":0,"222":0,"223":0,"224":0,"225":0,"226":0,"227":0,"228":0,"229":0,"230":0,"231":0,"232":0,"233":0,"234":0,"235":2,"236":2,"237":2,"238":0,"239":0,"240":0,"241":0,"242":0,"243":0,"244":2,"245":2,"246":2,"247":2,"248":2,"249":2,"250":2,"251":0,"252":0,"253":0,"254":0,"255":0,"256":0,"257":0,"258":0,"259":0,"260":0,"261":0,"262":0,"263":2,"264":2,"265":2,"266":0,"267":0,"268":0,"269":0,"270":0,"271":0,"272":0,"273":0,"274":0,"275":0,"276":0,"277":0,"278":0,"279":0,"280":2,"281":2,"282":2,"283":0,"284":0,"285":0,"286":0,"287":0,"288":0,"289":0,"290":2,"291":2,"292":2,"293":2,"294":2,"295":2,"296":2,"297":0,"298":0,"299":0,"300":0,"301":0,"302":0,"303":0,"304":0,"305":0,"306":0,"307":0,"308":0,"309":0,"310":0,"311":0,"312":0,"313":0,"314":0,"315":0,"316":0,"317":0,"318":0,"319":0,"320":0,"321":0,"322":0,"323":0,"324":0,"325":0,"326":0,"327":0,"328":0,"329":2,"330":2,"331":2,"332":0,"333":0,"334":0,"335":0,"336":0,"337":0,"338":0,"339":0,"340":0,"341":0,"342":0,"343":0,"344":0,"345":0,"346":0,"347":0,"348":0,"349":0,"350":2,"351":2,"352":2,"353":0,"354":0,"355":2,"356":2,"357":2,"358":2,"359":2,"360":2,"361":2,"362":0,"363":0,"364":0,"365":0,"366":0,"367":0,"368":0,"369":2,"370":2,"371":2,"372":2,"373":2,"374":2,"375":2,"376":0,"377":0,"378":0,"379":2,"380":2,"381":2,"382":0,"383":2,"384":2,"385":2,"386":0,"387":2,"388":2,"389":2,"390":0,"391":0,"392":0,"393":0,"394":2,"395":2,"396":2,"397":0,"398":0,"399":0,"400":0,"401":0,"402":0,"403":0,"404":0,"405":0,"406":0,"407":0,"408":0,"409":0,"410":0,"411":0,"412":0,"413":0,"414":0,"415":0,"416":0,"417":0,"418":0,"419":0,"420":0,"421":0,"422":0,"423":2,"424":2,"425":2,"426":0,"427":0,"428":0,"429":0,"430":0,"431":0,"432":0,"433":0,"434":0,"435":0,"436":0,"437":0,"438":2,"439":2,"440":2,"441":7,"442":0,"443":0,"444":7,"445":2,"446":2,"447":2,"448":7,"449":7,"450":7,"451":7,"452":2,"453":2,"454":2,"455":0,"456":2,"457":2,"458":2,"459":2,"460":2,"461":2,"462":2,"463":0,"464":0,"465":0,"466":0,"467":0,"468":0,"469":2,"470":2,"471":2,"472":0,"473":0,"474":0,"475":0,"476":0,"477":0,"478":2,"479":2,"480":2,"481":2,"482":2,"483":2,"484":2,"485":7,"486":7,"487":7,"488":7,"489":7,"490":7,"491":7,"492":7,"493":7,"494":7,"495":7,"496":7,"497":7,"498":2,"499":2},"branchMap":{"0":{"type":"branch","line":47,"loc":{"start":{"line":47,"column":0},"end":{"line":500,"column":1}},"locations":[{"start":{"line":47,"column":0},"end":{"line":500,"column":1}}]},"1":{"type":"branch","line":92,"loc":{"start":{"line":92,"column":2},"end":{"line":96,"column":3}},"locations":[{"start":{"line":92,"column":2},"end":{"line":96,"column":3}}]},"2":{"type":"branch","line":106,"loc":{"start":{"line":106,"column":11},"end":{"line":109,"column":3}},"locations":[{"start":{"line":106,"column":11},"end":{"line":109,"column":3}}]},"3":{"type":"branch","line":111,"loc":{"start":{"line":111,"column":27},"end":{"line":122,"column":3}},"locations":[{"start":{"line":111,"column":27},"end":{"line":122,"column":3}}]},"4":{"type":"branch","line":113,"loc":{"start":{"line":113,"column":49},"end":{"line":113,"column":51}},"locations":[{"start":{"line":113,"column":49},"end":{"line":113,"column":51}}]},"5":{"type":"branch","line":114,"loc":{"start":{"line":114,"column":41},"end":{"line":114,"column":43}},"locations":[{"start":{"line":114,"column":41},"end":{"line":114,"column":43}}]},"6":{"type":"branch","line":116,"loc":{"start":{"line":116,"column":17},"end":{"line":116,"column":19}},"locations":[{"start":{"line":116,"column":17},"end":{"line":116,"column":19}}]},"7":{"type":"branch","line":117,"loc":{"start":{"line":117,"column":17},"end":{"line":117,"column":19}},"locations":[{"start":{"line":117,"column":17},"end":{"line":117,"column":19}}]},"8":{"type":"branch","line":118,"loc":{"start":{"line":118,"column":17},"end":{"line":118,"column":19}},"locations":[{"start":{"line":118,"column":17},"end":{"line":118,"column":19}}]},"9":{"type":"branch","line":119,"loc":{"start":{"line":119,"column":19},"end":{"line":119,"column":21}},"locations":[{"start":{"line":119,"column":19},"end":{"line":119,"column":21}}]},"10":{"type":"branch","line":120,"loc":{"start":{"line":120,"column":17},"end":{"line":120,"column":19}},"locations":[{"start":{"line":120,"column":17},"end":{"line":120,"column":19}}]},"11":{"type":"branch","line":121,"loc":{"start":{"line":121,"column":17},"end":{"line":121,"column":19}},"locations":[{"start":{"line":121,"column":17},"end":{"line":121,"column":19}}]},"12":{"type":"branch","line":124,"loc":{"start":{"line":124,"column":24},"end":{"line":146,"column":3}},"locations":[{"start":{"line":124,"column":24},"end":{"line":146,"column":3}}]},"13":{"type":"branch","line":126,"loc":{"start":{"line":126,"column":49},"end":{"line":126,"column":51}},"locations":[{"start":{"line":126,"column":49},"end":{"line":126,"column":51}}]},"14":{"type":"branch","line":126,"loc":{"start":{"line":126,"column":49},"end":{"line":126,"column":64}},"locations":[{"start":{"line":126,"column":49},"end":{"line":126,"column":64}}]},"15":{"type":"branch","line":127,"loc":{"start":{"line":127,"column":41},"end":{"line":127,"column":54}},"locations":[{"start":{"line":127,"column":41},"end":{"line":127,"column":54}}]},"16":{"type":"branch","line":128,"loc":{"start":{"line":128,"column":17},"end":{"line":131,"column":14}},"locations":[{"start":{"line":128,"column":17},"end":{"line":131,"column":14}}]},"17":{"type":"branch","line":133,"loc":{"start":{"line":133,"column":17},"end":{"line":133,"column":76}},"locations":[{"start":{"line":133,"column":17},"end":{"line":133,"column":76}}]},"18":{"type":"branch","line":134,"loc":{"start":{"line":134,"column":17},"end":{"line":134,"column":78}},"locations":[{"start":{"line":134,"column":17},"end":{"line":134,"column":78}}]},"19":{"type":"branch","line":135,"loc":{"start":{"line":135,"column":19},"end":{"line":138,"column":14}},"locations":[{"start":{"line":135,"column":19},"end":{"line":138,"column":14}}]},"20":{"type":"branch","line":140,"loc":{"start":{"line":140,"column":17},"end":{"line":140,"column":78}},"locations":[{"start":{"line":140,"column":17},"end":{"line":140,"column":78}}]},"21":{"type":"branch","line":141,"loc":{"start":{"line":141,"column":17},"end":{"line":141,"column":78}},"locations":[{"start":{"line":141,"column":17},"end":{"line":141,"column":78}}]},"22":{"type":"branch","line":145,"loc":{"start":{"line":145,"column":17},"end":{"line":145,"column":31}},"locations":[{"start":{"line":145,"column":17},"end":{"line":145,"column":31}}]},"23":{"type":"branch","line":148,"loc":{"start":{"line":148,"column":34},"end":{"line":157,"column":3}},"locations":[{"start":{"line":148,"column":34},"end":{"line":157,"column":3}}]},"24":{"type":"branch","line":159,"loc":{"start":{"line":159,"column":21},"end":{"line":175,"column":3}},"locations":[{"start":{"line":159,"column":21},"end":{"line":175,"column":3}}]},"25":{"type":"branch","line":164,"loc":{"start":{"line":164,"column":22},"end":{"line":174,"column":5}},"locations":[{"start":{"line":164,"column":22},"end":{"line":174,"column":5}}]},"26":{"type":"branch","line":441,"loc":{"start":{"line":441,"column":26},"end":{"line":446,"column":3}},"locations":[{"start":{"line":441,"column":26},"end":{"line":446,"column":3}}]},"27":{"type":"branch","line":442,"loc":{"start":{"line":442,"column":36},"end":{"line":444,"column":5}},"locations":[{"start":{"line":442,"column":36},"end":{"line":444,"column":5}}]},"28":{"type":"branch","line":448,"loc":{"start":{"line":448,"column":24},"end":{"line":453,"column":3}},"locations":[{"start":{"line":448,"column":24},"end":{"line":453,"column":3}}]},"29":{"type":"branch","line":449,"loc":{"start":{"line":449,"column":49},"end":{"line":449,"column":56}},"locations":[{"start":{"line":449,"column":49},"end":{"line":449,"column":56}}]},"30":{"type":"branch","line":485,"loc":{"start":{"line":485,"column":9},"end":{"line":499,"column":3}},"locations":[{"start":{"line":485,"column":9},"end":{"line":499,"column":3}}]}},"b":{"0":[2],"1":[7],"2":[7],"3":[7],"4":[0],"5":[0],"6":[0],"7":[0],"8":[0],"9":[0],"10":[0],"11":[0],"12":[7],"13":[0],"14":[0],"15":[0],"16":[0],"17":[0],"18":[0],"19":[0],"20":[0],"21":[0],"22":[0],"23":[7],"24":[7],"25":[0],"26":[7],"27":[0],"28":[7],"29":[0],"30":[7]},"fnMap":{"0":{"name":"ZoomPanPinch","decl":{"start":{"line":92,"column":2},"end":{"line":96,"column":3}},"loc":{"start":{"line":92,"column":2},"end":{"line":96,"column":3}},"line":92},"1":{"name":"ZoomPanPinch.mount","decl":{"start":{"line":98,"column":10},"end":{"line":100,"column":3}},"loc":{"start":{"line":98,"column":10},"end":{"line":100,"column":3}},"line":98},"2":{"name":"ZoomPanPinch.unmount","decl":{"start":{"line":102,"column":12},"end":{"line":104,"column":3}},"loc":{"start":{"line":102,"column":12},"end":{"line":104,"column":3}},"line":102},"3":{"name":"ZoomPanPinch.update","decl":{"start":{"line":106,"column":11},"end":{"line":109,"column":3}},"loc":{"start":{"line":106,"column":11},"end":{"line":109,"column":3}},"line":106},"4":{"name":"ZoomPanPinch.initializeWindowEvents","decl":{"start":{"line":111,"column":27},"end":{"line":122,"column":3}},"loc":{"start":{"line":111,"column":27},"end":{"line":122,"column":3}},"line":111},"5":{"name":"ZoomPanPinch.cleanupWindowEvents","decl":{"start":{"line":124,"column":24},"end":{"line":146,"column":3}},"loc":{"start":{"line":124,"column":24},"end":{"line":146,"column":3}},"line":124},"6":{"name":"ZoomPanPinch.handleInitializeWrapperEvents","decl":{"start":{"line":148,"column":34},"end":{"line":157,"column":3}},"loc":{"start":{"line":148,"column":34},"end":{"line":157,"column":3}},"line":148},"7":{"name":"ZoomPanPinch.handleInitialize","decl":{"start":{"line":159,"column":21},"end":{"line":175,"column":3}},"loc":{"start":{"line":159,"column":21},"end":{"line":175,"column":3}},"line":159},"8":{"name":"ZoomPanPinch.onWheelZoom","decl":{"start":{"line":181,"column":16},"end":{"line":194,"column":3}},"loc":{"start":{"line":181,"column":16},"end":{"line":194,"column":3}},"line":181},"9":{"name":"ZoomPanPinch.onPanningStart","decl":{"start":{"line":200,"column":19},"end":{"line":217,"column":3}},"loc":{"start":{"line":200,"column":19},"end":{"line":217,"column":3}},"line":200},"10":{"name":"ZoomPanPinch.onPanning","decl":{"start":{"line":219,"column":14},"end":{"line":236,"column":3}},"loc":{"start":{"line":219,"column":14},"end":{"line":236,"column":3}},"line":219},"11":{"name":"ZoomPanPinch.onPanningStop","decl":{"start":{"line":238,"column":18},"end":{"line":245,"column":3}},"loc":{"start":{"line":238,"column":18},"end":{"line":245,"column":3}},"line":238},"12":{"name":"ZoomPanPinch.onPinchStart","decl":{"start":{"line":251,"column":17},"end":{"line":264,"column":3}},"loc":{"start":{"line":251,"column":17},"end":{"line":264,"column":3}},"line":251},"13":{"name":"ZoomPanPinch.onPinch","decl":{"start":{"line":266,"column":12},"end":{"line":281,"column":3}},"loc":{"start":{"line":266,"column":12},"end":{"line":281,"column":3}},"line":266},"14":{"name":"ZoomPanPinch.onPinchStop","decl":{"start":{"line":283,"column":16},"end":{"line":291,"column":3}},"loc":{"start":{"line":283,"column":16},"end":{"line":291,"column":3}},"line":283},"15":{"name":"ZoomPanPinch.onTouchPanningStart","decl":{"start":{"line":297,"column":24},"end":{"line":330,"column":3}},"loc":{"start":{"line":297,"column":24},"end":{"line":330,"column":3}},"line":297},"16":{"name":"ZoomPanPinch.onTouchPanning","decl":{"start":{"line":332,"column":19},"end":{"line":351,"column":3}},"loc":{"start":{"line":332,"column":19},"end":{"line":351,"column":3}},"line":332},"17":{"name":"ZoomPanPinch.onTouchPanningStop","decl":{"start":{"line":353,"column":23},"end":{"line":356,"column":3}},"loc":{"start":{"line":353,"column":23},"end":{"line":356,"column":3}},"line":353},"18":{"name":"ZoomPanPinch.onDoubleClick","decl":{"start":{"line":362,"column":18},"end":{"line":370,"column":3}},"loc":{"start":{"line":362,"column":18},"end":{"line":370,"column":3}},"line":362},"19":{"name":"ZoomPanPinch.clearPanning","decl":{"start":{"line":376,"column":17},"end":{"line":380,"column":3}},"loc":{"start":{"line":376,"column":17},"end":{"line":380,"column":3}},"line":376},"20":{"name":"ZoomPanPinch.setKeyPressed","decl":{"start":{"line":382,"column":18},"end":{"line":384,"column":3}},"loc":{"start":{"line":382,"column":18},"end":{"line":384,"column":3}},"line":382},"21":{"name":"ZoomPanPinch.setKeyUnPressed","decl":{"start":{"line":386,"column":20},"end":{"line":388,"column":3}},"loc":{"start":{"line":386,"column":20},"end":{"line":388,"column":3}},"line":386},"22":{"name":"ZoomPanPinch.isPressingKeys","decl":{"start":{"line":390,"column":19},"end":{"line":395,"column":3}},"loc":{"start":{"line":390,"column":19},"end":{"line":395,"column":3}},"line":390},"23":{"name":"ZoomPanPinch.setTransformState","decl":{"start":{"line":397,"column":22},"end":{"line":424,"column":3}},"loc":{"start":{"line":397,"column":22},"end":{"line":424,"column":3}},"line":397},"24":{"name":"ZoomPanPinch.setCenter","decl":{"start":{"line":426,"column":14},"end":{"line":439,"column":3}},"loc":{"start":{"line":426,"column":14},"end":{"line":439,"column":3}},"line":426},"25":{"name":"ZoomPanPinch.handleTransformStyles","decl":{"start":{"line":441,"column":26},"end":{"line":446,"column":3}},"loc":{"start":{"line":441,"column":26},"end":{"line":446,"column":3}},"line":441},"26":{"name":"ZoomPanPinch.applyTransformation","decl":{"start":{"line":448,"column":24},"end":{"line":453,"column":3}},"loc":{"start":{"line":448,"column":24},"end":{"line":453,"column":3}},"line":448},"27":{"name":"ZoomPanPinch.getContext","decl":{"start":{"line":455,"column":15},"end":{"line":457,"column":3}},"loc":{"start":{"line":455,"column":15},"end":{"line":457,"column":3}},"line":455},"28":{"name":"ZoomPanPinch.onChange","decl":{"start":{"line":463,"column":13},"end":{"line":470,"column":3}},"loc":{"start":{"line":463,"column":13},"end":{"line":470,"column":3}},"line":463},"29":{"name":"ZoomPanPinch.onInit","decl":{"start":{"line":472,"column":11},"end":{"line":479,"column":3}},"loc":{"start":{"line":472,"column":11},"end":{"line":479,"column":3}},"line":472},"30":{"name":"ZoomPanPinch.init","decl":{"start":{"line":485,"column":9},"end":{"line":499,"column":3}},"loc":{"start":{"line":485,"column":9},"end":{"line":499,"column":3}},"line":485}},"f":{"0":7,"1":0,"2":0,"3":7,"4":7,"5":7,"6":7,"7":7,"8":0,"9":0,"10":0,"11":0,"12":0,"13":0,"14":0,"15":0,"16":0,"17":0,"18":0,"19":0,"20":0,"21":0,"22":0,"23":0,"24":0,"25":7,"26":7,"27":0,"28":0,"29":0,"30":7}}
,"/Users/maciejpyrc/Praca/better-typed/open-source/react-zoom-pan-pinch/src/core/animations/animations.utils.ts": {"path":"/Users/maciejpyrc/Praca/better-typed/open-source/react-zoom-pan-pinch/src/core/animations/animations.utils.ts","all":false,"statementMap":{"0":{"start":{"line":1,"column":0},"end":{"line":1,"column":38}},"1":{"start":{"line":2,"column":0},"end":{"line":2,"column":52}},"2":{"start":{"line":3,"column":0},"end":{"line":3,"column":8}},"3":{"start":{"line":4,"column":0},"end":{"line":4,"column":16}},"4":{"start":{"line":5,"column":0},"end":{"line":5,"column":27}},"5":{"start":{"line":6,"column":0},"end":{"line":6,"column":12}},"6":{"start":{"line":7,"column":0},"end":{"line":7,"column":22}},"7":{"start":{"line":8,"column":0},"end":{"line":8,"column":0}},"8":{"start":{"line":9,"column":0},"end":{"line":9,"column":73}},"9":{"start":{"line":10,"column":0},"end":{"line":10,"column":38}},"10":{"start":{"line":11,"column":0},"end":{"line":11,"column":36}},"11":{"start":{"line":12,"column":0},"end":{"line":12,"column":3}},"12":{"start":{"line":13,"column":0},"end":{"line":13,"column":2}},"13":{"start":{"line":14,"column":0},"end":{"line":14,"column":0}},"14":{"start":{"line":15,"column":0},"end":{"line":15,"column":38}},"15":{"start":{"line":16,"column":0},"end":{"line":16,"column":44}},"16":{"start":{"line":17,"column":0},"end":{"line":17,"column":12}},"17":{"start":{"line":18,"column":0},"end":{"line":18,"column":39}},"18":{"start":{"line":19,"column":0},"end":{"line":19,"column":56}},"19":{"start":{"line":20,"column":0},"end":{"line":20,"column":26}},"20":{"start":{"line":21,"column":0},"end":{"line":21,"column":34}},"21":{"start":{"line":22,"column":0},"end":{"line":22,"column":35}},"22":{"start":{"line":23,"column":0},"end":{"line":23,"column":34}},"23":{"start":{"line":24,"column":0},"end":{"line":24,"column":2}},"24":{"start":{"line":25,"column":0},"end":{"line":25,"column":0}},"25":{"start":{"line":26,"column":0},"end":{"line":26,"column":37}},"26":{"start":{"line":27,"column":0},"end":{"line":27,"column":44}},"27":{"start":{"line":28,"column":0},"end":{"line":28,"column":24
[...]
olumn":30}},"20":{"start":{"line":21,"column":0},"end":{"line":21,"column":36}},"21":{"start":{"line":22,"column":0},"end":{"line":22,"column":38}},"22":{"start":{"line":23,"column":0},"end":{"line":23,"column":48}},"23":{"start":{"line":24,"column":0},"end":{"line":24,"column":52}},"24":{"start":{"line":25,"column":0},"end":{"line":25,"column":44}},"25":{"start":{"line":26,"column":0},"end":{"line":26,"column":50}},"26":{"start":{"line":27,"column":0},"end":{"line":27,"column":4}},"27":{"start":{"line":28,"column":0},"end":{"line":28,"column":2}},"28":{"start":{"line":29,"column":0},"end":{"line":29,"column":0}},"29":{"start":{"line":30,"column":0},"end":{"line":30,"column":25}},"30":{"start":{"line":31,"column":0},"end":{"line":31,"column":44}},"31":{"start":{"line":32,"column":0},"end":{"line":32,"column":37}},"32":{"start":{"line":33,"column":0},"end":{"line":33,"column":10}},"33":{"start":{"line":34,"column":0},"end":{"line":34,"column":30}},"34":{"start":{"line":35,"column":0},"end":{"line":35,"column":42}},"35":{"start":{"line":36,"column":0},"end":{"line":36,"column":4}},"36":{"start":{"line":37,"column":0},"end":{"line":37,"column":2}},"37":{"start":{"line":38,"column":0},"end":{"line":38,"column":0}},"38":{"start":{"line":39,"column":0},"end":{"line":39,"column":27}},"39":{"start":{"line":40,"column":0},"end":{"line":40,"column":44}},"40":{"start":{"line":41,"column":0},"end":{"line":41,"column":28}},"41":{"start":{"line":42,"column":0},"end":{"line":42,"column":41}},"42":{"start":{"line":43,"column":0},"end":{"line":43,"column":0}},"43":{"start":{"line":44,"column":0},"end":{"line":44,"column":48}},"44":{"start":{"line":45,"column":0},"end":{"line":45,"column":51}},"45":{"start":{"line":46,"column":0},"end":{"line":46,"column":0}},"46":{"start":{"line":47,"column":0},"end":{"line":47,"column":13}},"47":{"start":{"line":48,"column":0},"end":{"line":48,"column":2}}},"s":{"0":1,"1":1,"2":1,"3":1,"4":1,"5":1,"6":1,"7":1,"8":1,"9":1,"10":1,"11":1,"12":1,"13":1,"14":1,"15":1,"16":14,"17":14,"18":14,"19":14,"20":14,"21":14,"22":14,"23":14,"24":14,"25":14,"26":14,"27":14,"28":1,"29":1,"30":7,"31":7,"32":7,"33":7,"34":7,"35":7,"36":7,"37":1,"38":1,"39":7,"40":7,"41":7,"42":7,"43":7,"44":7,"45":7,"46":7,"47":7},"branchMap":{"0":{"type":"branch","line":16,"loc":{"start":{"line":16,"column":27},"end":{"line":28,"column":2}},"locations":[{"start":{"line":16,"column":27},"end":{"line":28,"column":2}}]},"1":{"type":"branch","line":30,"loc":{"start":{"line":30,"column":24},"end":{"line":37,"column":2}},"locations":[{"start":{"line":30,"column":24},"end":{"line":37,"column":2}}]},"2":{"type":"branch","line":39,"loc":{"start":{"line":39,"column":26},"end":{"line":48,"column":2}},"locations":[{"start":{"line":39,"column":26},"end":{"line":48,"column":2}}]}},"b":{"0":[14],"1":[7],"2":[7]},"fnMap":{"0":{"name":"getControls","decl":{"start":{"line":16,"column":27},"end":{"line":28,"column":2}},"loc":{"start":{"line":16,"column":27},"end":{"line":28,"column":2}},"line":16},"1":{"name":"getState","decl":{"start":{"line":30,"column":24},"end":{"line":37,"column":2}},"loc":{"start":{"line":30,"column":24},"end":{"line":37,"column":2}},"line":30},"2":{"name":"getContext","decl":{"start":{"line":39,"column":26},"end":{"line":48,"column":2}},"loc":{"start":{"line":39,"column":26},"end":{"line":48,"column":2}},"line":39}},"f":{"0":14,"1":7,"2":7}}
,"/Users/maciejpyrc/Praca/better-typed/open-source/react-zoom-pan-pinch/src/utils/event.utils.ts": {"path":"/Users/maciejpyrc/Praca/better-typed/open-source/react-zoom-pan-pinch/src/utils/event.utils.ts","all":false,"statementMap":{"0":{"start":{"line":1,"column":0},"end":{"line":1,"column":74}},"1":{"start":{"line":2,"column":0},"end":{"line":2,"column":65}},"2":{"start":{"line":3,"column":0},"end":{"line":3,"column":112}},"3":{"start":{"line":4,"column":0},"end":{"line":4,"column":29}},"4":{"start":{"line":5,"column":0},"end":{"line":5,"column":0}},"5":{"start":{"line":6,"column":0},"end":{"line":6,"column":47}},"6":{"start":{"line":7,"column":0},"end":{"line":7,"column":7}},"7":{"start":{"line":8,"column":0},"end":{"line":8,"column":21}},"8":{"start":{"line":9,"column":0},"end":{"line":9,"column":21}},"9":{"start":{"line":10,"column":0},"end":{"line":10,"column":56}},"10":{"start":{"line":11,"column":0},"end":{"line":11,"column":53}},"11":{"start":{"line":12,"column":0},"end":{"line":12,"column":32}},"12":{"start":{"line":13,"column":0},"end":{"line":13,"column":21}},"13":{"start":{"line":14,"column":0},"end":{"line":14,"column":8}},"14":{"start":{"line":15,"column":0},"end":{"line":15,"column":6}},"15":{"start":{"line":16,"column":0},"end":{"line":16,"column":0}},"16":{"start":{"line":17,"column":0},"end":{"line":17,"column":19}},"17":{"start":{"line":18,"column":0},"end":{"line":18,"column":17}},"18":{"start":{"line":19,"column":0},"end":{"line":19,"column":29}},"19":{"start":{"line":20,"column":0},"end":{"line":20,"column":28}},"20":{"start":{"line":21,"column":0},"end":{"line":21,"column":3}},"21":{"start":{"line":22,"column":0},"end":{"line":22,"column":1}}},"s":{"0":1,"1":1,"2":1,"3":1,"4":1,"5":21,"6":21,"7":21,"8":21,"9":77,"10":77,"11":77,"12":77,"13":21,"14":21,"15":21,"16":21,"17":21,"18":0,"19":0,"20":0,"21":21},"branchMap":{"0":{"type":"branch","line":6,"loc":{"start":{"line":6,"column":0},"end":{"line":22,"column":1}},"locations":[{"start":{"line":6,"column":0},"end":{"line":22,"column":1}}]},"1":{"type":"branch","line":18,"loc":{"start":{"line":18,"column":4},"end":{"line":21,"column":3}},"locations":[{"start":{"line":18,"column":4},"end":{"line":21,"column":3}}]},"2":{"type":"branch","line":9,"loc":{"start":{"line":9,"column":6},"end":{"line":14,"column":7}},"locations":[{"start":{"line":9,"column":6},"end":{"line":14,"column":7}}]}},"b":{"0":[21],"1":[0],"2":[77]},"fnMap":{"0":{"name":"makePassiveEventOption","decl":{"start":{"line":6,"column":0},"end":{"line":22,"column":1}},"loc":{"start":{"line":6,"column":0},"end":{"line":22,"column":1}},"line":6},"1":{"name":"get passive","decl":{"start":{"line":9,"column":6},"end":{"line":14,"column":7}},"loc":{"start":{"line":9,"column":6},"end":{"line":14,"column":7}},"line":9}},"f":{"0":21,"1":77}}
,"/Users/maciejpyrc/Praca/better-typed/open-source/react-zoom-pan-pinch/src/utils/helpers.utils.ts": {"path":"/Users/maciejpyrc/Praca/better-typed/open-source/react-zoom-pan-pinch/src/utils/helpers.utils.ts","all":false,"statementMap":{"0":{"start":{"line":1,"column":0},"end":{"line":1,"column":31}},"1":{"start":{"line":2,"column":0},"end":{"line":2,"column":20}},"2":{"start":{"line":3,"column":0},"end":{"line":3,"column":21}},"3":{"start":{"line":4,"column":0},"end":{"line":4,"column":15}},"4":{"start":{"line":5,"column":0},"end":{"line":5,"column":51}},"5":{"start":{"line":6,"column":0},"end":{"line":6,"column":38}},"6":{"start":{"line":7,"column":0},"end":{"line":7,"column":49}},"7":{"start":{"line":8,"column":0},"end":{"line":8,"column":4}},"8":{"start":{"line":9,"column":0},"end":{"line":9,"column":0}},"9":{"start":{"line":10,"column":0},"end":{"line":10,"column":33}},"10":{"start":{"line":11,"column":0},"end":{"line":11,"column":0}},"11":{"start":{"line":12,"column":0},"end":{"line":12,"column":58}},"12":{"start":{"line":13,"column":0},"end":{"line":13,"column":39}},"13":{"start":{"line":14,"column":0},"end":{"line":14,"column":4}},"14":{"start":{"line":15,"column":0},"end":{"line":15,"column":0}},"15":{"start":{"line":16,"column":0},"end":{"line":16,"column":39}},"16":{"start":{"line":17,"column":0},"end":{"line":17,"column":0}},"17":{"start":{"line":18,"column":0},"end":{"line":18,"column":15}},"18":{"start":{"line":19,"column":0},"end":{"line":19,"column":2}},"19":{"start":{"line":20,"column":0},"end":{"line":20,"column":0}},"20":{"start":{"line":21,"column":0},"end":{"line":21,"column":30}},"21":{"start":{"line":22,"column":0},"end":{"line":22,"column":48}},"22":{"start":{"line":23,"column":0},"end":{"line":23,"column":12}},"23":{"start":{"line":24,"column":0},"end":{"line":24,"column":16}},"24":{"start":{"line":25,"column":0},"end":{"line":25,"column":26}},"25":{"start":{"line":26,"column":0},"end":{"line":26,"column":3}},"26":{"start":{"line":27,"column":0},"end":{"line":27,"column":2}}},"s":{"0":1,"1":0,"2":0,"3":0,"4":0,"5":0,"6":0,"7":0,"8":0,"9":0,"10":0,"11":0,"12":0,"13":0,"14":0,"15":0,"16":0,"17":0,"18":0,"19":1,"20":1,"21":0,"22":0,"23":0,"24":0,"25":0,"26":0},"branchMap":{},"b":{},"fnMap":{"0":{"name":"isExcludedNode","decl":{"start":{"line":1,"column":30},"end":{"line":19,"column":2}},"loc":{"start":{"line":1,"column":30},"end":{"line":19,"column":2}},"line":1},"1":{"name":"cancelTimeout","decl":{"start":{"line":21,"column":29},"end":{"line":27,"column":2}},"loc":{"start":{"line":21,"column":29},"end":{"line":27,"column":2}},"line":21}},"f":{"0":0,"1":0}}
,"/Users/maciejpyrc/Praca/better-typed/open-source/react-zoom-pan-pinch/src/utils/ref.utils.ts": {"path":"/Users/maciejpyrc/Praca/better-typed/open-source/react-zoom-pan-pinch/src/utils/ref.utils.ts","all":false,"statementMap":{"0":{"start":{"line":1,"column":0},"end":{"line":1,"column":38}},"1":{"start":{"line":2,"column":0},"end":{"line":2,"column":36}},"2":{"start":{"line":3,"column":0},"end":{"line":3,"column":0}},"3":{"start":{"line":4,"column":0},"end":{"line":4,"column":35}},"4":{"start":{"line":5,"column":0},"end":{"line":5,"column":62}},"5":{"start":{"line":6,"column":0},"end":{"line":6,"column":25}},"6":{"start":{"line":7,"column":0},"end":{"line":7,"column":21}},"7":{"start":{"line":8,"column":0},"end":{"line":8,"column":27}},"8":{"start":{"line":9,"column":0},"end":{"line":9,"column":38}},"9":{"start":{"line":10,"column":0},"end":{"line":10,"column":19}},"10":{"start":{"line":11,"column":0},"end":{"line":11,"column":31}},"11":{"start":{"line":12,"column":0},"end":{"line":12,"column":66}},"12":{"start":{"line":13,"column":0},"end":{"line":13,"column":7}},"13":{"start":{"line":14,"column":0},"end":{"line":14,"column":7}},"14":{"start":{"line":15,"column":0},"end":{"line":15,"column":4}},"15":{"start":{"line":16,"column":0},"end":{"line":16,"column":1}}},"s":{"0":1,"1":1,"2":1,"3":0,"4":0,"5":0,"6":0,"7":0,"8":0,"9":0,"10":0,"11":0,"12":0,"13":0,"14":0,"15":0},"branchMap":{},"b":{},"fnMap":{"0":{"name":"mergeRefs","decl":{"start":{"line":4,"column":0},"end":{"line":16,"column":1}},"loc":{"start":{"line":4,"column":0},"end":{"line":16,"column":1}},"line":4}},"f":{"0":0}}
,"/Users/maciejpyrc/Praca/better-typed/open-source/react-zoom-pan-pinch/src/utils/state.utils.ts": {"path":"/Users/maciejpyrc/Praca/better-typed/open-source/react-zoom-pan-pinch/src/utils/state.utils.ts","all":false,"statementMap":{"0":{"start":{"line":1,"column":0},"end":{"line":1,"column":8}},"1":{"start":{"line":2,"column":0},"end":{"line":2,"column":15}},"2":{"start":{"line":3,"column":0},"end":{"line":3,"column":25}},"3":{"start":{"line":4,"column":0},"end":{"line":4,"column":25}},"4":{"start":{"line":5,"column":0},"end":{"line":5,"column":33}},"5":{"start":{"line":6,"column":0},"end":{"line":6,"column":74}},"6":{"start":{"line":7,"column":0},"end":{"line":7,"column":0}},"7":{"start":{"line":8,"column":0},"end":{"line":8,"column":28}},"8":{"start":{"line":9,"column":0},"end":{"line":9,"column":32}},"9":{"start":{"line":10,"column":0},"end":{"line":10,"column":30}},"10":{"start":{"line":11,"column":0},"end":{"line":11,"column":10}},"11":{"start":{"line":12,"column":0},"end":{"line":12,"column":60}},"12":{"start":{"line":13,"column":0},"end":{"line":13,"column":52}},"13":{"start":{"line":14,"column":0},"end":{"line":14,"column":64}},"14":{"start":{"line":15,"column":0},"end":{"line":15,"column":64}},"15":{"start":{"line":16,"column":0},"end":{"line":16,"column":4}},"16":{"start":{"line":17,"column":0},"end":{"line":17,"column":2}},"17":{"start":{"line":18,"column":0},"end":{"line":18,"column":0}},"18":{"start":{"line":19,"column":0},"end":{"line":19,"column":77}},"19":{"start":{"line":20,"column":0},"end":{"line":20,"column":39}},"20":{"start":{"line":21,"column":0},"end":{"line":21,"column":0}},"21":{"start":{"line":22,"column":0},"end":{"line":22,"column":39}},"22":{"start":{"line":23,"column":0},"end":{"line":23,"column":57}},"23":{"start":{"line":24,"column":0},"end":{"line":24,"column":68}},"24":{"start":{"line":25,"column":0},"end":{"line":25,"column":39}},"25":{"start":{"line":26,"column":0},"end":{"line":26,"column":73}},"26":{"start":{"line":27,"column":0},"end":{"line":27,"column":54}},"27":{"start":{"line":28,"column":0},"end":{"line":28,"column":52}},"28":{"start":{"line":29,"column":0},"end":{"line":29,"column":21}},"29":{"start":{"line":30,"column":0},"end":{"line":30,"column":64}},"30":{"start":{"line":31,"column":0},"end":{"line":31,"column":27}},"31":{"start":{"line":32,"column":0},"end":{"line":32,"column":62}},"32":{"start":{"line":33,"column":0},"end":{"line":33,"column":14}},"33":{"start":{"line":34,"column":0},"end":{"line":34,"column":35}},"34":{"start":{"line":35,"column":0},"end":{"line":35,"column":7}},"35":{"start":{"line":36,"column":0},"end":{"line":36,"column":5}},"36":{"start":{"line":37,"column":0},"end":{"line":37,"column":5}},"37":{"start":{"line":38,"column":0},"end":{"line":38,"column":0}},"38":{"start":{"line":39,"column":0},"end":{"line":39,"column":18}},"39":{"start":{"line":40,"column":0},"end":{"line":40,"column":2}}},"s":{"0":1,"1":1,"2":1,"3":1,"4":1,"5":1,"6":1,"7":1,"8":7,"9":7,"10":7,"11":7,"12":7,"13":7,"14":7,"15":7,"16":7,"17":1,"18":1,"19":14,"20":14,"21":14,"22":14,"23":14,"24":14,"25":0,"26":0,"27":0,"28":0,"29":0,"30":0,"31":0,"32":0,"33":0,"34":0,"35":0,"36":14,"37":14,"38":14,"39":14},"branchMap":{"0":{"type":"branch","line":8,"loc":{"start":{"line":8,"column":27},"end":{"line":17,"column":2}},"locations":[{"start":{"line":8,"column":27},"end":{"line":17,"column":2}}]},"1":{"type":"branch","line":12,"loc":{"start":{"line":12,"column":37},"end":{"line":12,"column":41}},"locations":[{"start":{"line":12,"column":37},"end":{"line":12,"column":41}}]},"2":{"type":"branch","line":13,"loc":{"start":{"line":13,"column":29},"end":{"line":13,"column":33}},"locations":[{"start":{"line":13,"column":29},"end":{"line":13,"column":33}}]},"3":{"type":"branch","line":14,"loc":{"start":{"line":14,"column":37},"end":{"line":14,"column":41}},"locations":[{"start":{"line":14,"column":37},"end":{"line":14,"column":41}}]},"4":{"type":"branch","line":15,"loc":{"start":{"line":15,"column":37},"end":{"line":15,"column":41}},"locations":[{"start":{"line":15,"column":37},"end":{"line":15,"column":41}}]},"5":{"type":"branch","line":19,"loc":{"start":{"line":19,"column":27},"end":{"line":40,"column":2}},"locations":[{"start":{"line":19,"column":27},"end":{"line":40,"column":2}}]},"6":{"type":"branch","line":22,"loc":{"start":{"line":22,"column":29},"end":{"line":37,"column":3}},"locations":[{"start":{"line":22,"column":29},"end":{"line":37,"column":3}}]},"7":{"type":"branch","line":25,"loc":{"start":{"line":25,"column":22},"end":{"line":25,"column":36}},"locations":[{"start":{"line":25,"column":22},"end":{"line":25,"column":36}}]},"8":{"type":"branch","line":25,"loc":{"start":{"line":25,"column":38},"end":{"line":36,"column":5}},"locations":[{"start":{"line":25,"column":38},"end":{"line":36,"column":5}}]}},"b":{"0":[7],"1":[0],"2":[0],"3":[0],"4":[0],"5":[14],"6":[14],"7":[0],"8":[0]},"fnMap":{"0":{"name":"createState","decl":{"start":{"line":8,"column":27},"end":{"line":17,"column":2}},"loc":{"start":{"line":8,"column":27},"end":{"line":17,"column":2}},"line":8},"1":{"name":"createSetup","decl":{"start":{"line":19,"column":27},"end":{"line":40,"column":2}},"loc":{"start":{"line":19,"column":27},"end":{"line":40,"column":2}},"line":19}},"f":{"0":7,"1":14}}
,"/Users/maciejpyrc/Praca/better-typed/open-source/react-zoom-pan-pinch/src/utils/styles.utils.ts": {"path":"/Users/maciejpyrc/Praca/better-typed/open-source/react-zoom-pan-pinch/src/utils/styles.utils.ts","all":false,"statementMap":{"0":{"start":{"line":1,"column":0},"end":{"line":1,"column":35}},"1":{"start":{"line":2,"column":0},"end":{"line":2,"column":0}},"2":{"start":{"line":3,"column":0},"end":{"line":3,"column":35}},"3":{"start":{"line":4,"column":0},"end":{"line":4,"column":12}},"4":{"start":{"line":5,"column":0},"end":{"line":5,"column":12}},"5":{"start":{"line":6,"column":0},"end":{"line":6,"column":16}},"6":{"start":{"line":7,"column":0},"end":{"line":7,"column":14}},"7":{"start":{"line":8,"column":0},"end":{"line":8,"column":57}},"8":{"start":{"line":9,"column":0},"end":{"line":9,"column":53}},"9":{"start":{"line":10,"column":0},"end":{"line":10,"column":2}},"10":{"start":{"line":11,"column":0},"end":{"line":11,"column":0}},"11":{"start":{"line":12,"column":0},"end":{"line":12,"column":41}},"12":{"start":{"line":13,"column":0},"end":{"line":13,"column":12}},"13":{"start":{"line":14,"column":0},"end":{"line":14,"column":12}},"14":{"start":{"line":15,"column":0},"end":{"line":15,"column":16}},"15":{"start":{"line":16,"column":0},"end":{"line":16,"column":14}},"16":{"start":{"line":17,"column":0},"end":{"line":17,"column":96}},"17":{"start":{"line":18,"column":0},"end":{"line":18,"column":88}},"18":{"start":{"line":19,"column":0},"end":{"line":19,"column":18}},"19":{"start":{"line":20,"column":0},"end":{"line":20,"column":14}},"20":{"start":{"line":21,"column":0},"end":{"line":21,"column":14}},"21":{"start":{"line":22,"column":0},"end":{"line":22,"column":18}},"22":{"start":{"line":23,"column":0},"end":{"line":23,"column":15}},"23":{"start":{"line":24,"column":0},"end":{"line":24,"column":15}},"24":{"start":{"line":25,"column":0},"end":{"line":25,"column":88}},"25":{"start":{"line":26,"column":0},"end":{"line":26,"column":2}},"26":{"start":{"line":27,"column":0},"end":{"line":27,"column":0}},"27":{"start":{"line":28,"column":0},"end":{"line":28,"column":34}},"28":{"start":{"line":29,"column":0},"end":{"line":29,"column":16}},"29":{"start":{"line":30,"column":0},"end":{"line":30,"column":35}},"30":{"start":{"line":31,"column":0},"end":{"line":31,"column":35}},"31":{"start":{"line":32,"column":0},"end":{"line":32,"column":17}},"32":{"start":{"line":33,"column":0},"end":{"line":33,"column":60}},"33":{"start":{"line":34,"column":0},"end":{"line":34,"column":62}},"34":{"start":{"line":35,"column":0},"end":{"line":35,"column":0}},"35":{"start":{"line":36,"column":0},"end":{"line":36,"column":76}},"36":{"start":{"line":37,"column":0},"end":{"line":37,"column":78}},"37":{"start":{"line":38,"column":0},"end":{"line":38,"column":0}},"38":{"start":{"line":39,"column":0},"end":{"line":39,"column":10}},"39":{"start":{"line":40,"column":0},"end":{"line":40,"column":10}},"40":{"start":{"line":41,"column":0},"end":{"line":41,"column":31}},"41":{"start":{"line":42,"column":0},"end":{"line":42,"column":31}},"42":{"start":{"line":43,"column":0},"end":{"line":43,"column":4}},"43":{"start":{"line":44,"column":0},"end":{"line":44,"column":2}}},"s":{"0":1,"1":1,"2":1,"3":7,"4":7,"5":7,"6":7,"7":7,"8":7,"9":7,"10":1,"11":1,"12":0,"13":0,"14":0,"15":0,"16":0,"17":0,"18":0,"19":0,"20":0,"21":0,"22":0,"23":0,"24":0,"25":0,"26":1,"27":1,"28":0,"29":0,"30":0,"31":0,"32":0,"33":0,"34":0,"35":0,"36":0,"37":0,"38":0,"39":0,"40":0,"41":0,"42":0,"43":0},"branchMap":{"0":{"type":"branch","line":3,"loc":{"start":{"line":3,"column":34},"end":{"line":10,"column":2}},"locations":[{"start":{"line":3,"column":34},"end":{"line":10,"column":2}}]}},"b":{"0":[7]},"fnMap":{"0":{"name":"getTransformStyles","decl":{"start":{"line":3,"column":34},"end":{"line":10,"column":2}},"loc":{"start":{"line":3,"column":34},"end":{"line":10,"column":2}},"line":3},"1":{"name":"getMatrixTransformStyles","decl":{"start":{"line":12,"column":40},"end":{"line":26,"column":2}},"loc":{"start":{"line":12,"column":40},"end":{"line":26,"column":2}},"line":12},"2":{"name":"getCenterPosition","decl":{"start":{"line":28,"column":33},"end":{"line":44,"column":2}},"loc":{"start":{"line":28,"column":33},"end":{"line":44,"column":2}},"line":28}},"f":{"0":7,"1":0,"2":0}}
}
